<?xml version="1.0" encoding="utf-8"?>
<coverage line-rate="0.9523" branch-rate="0.875" version="1.9" timestamp="1739745542" lines-covered="960" lines-valid="1008" branches-covered="28" branches-valid="32">
  <sources>
    <source>C:\Users\om.singh\</source>
  </sources>
  <packages>
    <package name="BankingApplication" line-rate="0.8618000000000001" branch-rate="0.875" complexity="76">
      <classes>
        <class name="BankingApplication.Program" filename="source\PulledFiles\Celsior-training\BankingApplicationSolution\BankingApplication\Program.cs" line-rate="0" branch-rate="0" complexity="2">
          <methods>
            <method name="Main" signature="(System.String[])" line-rate="0" branch-rate="0" complexity="2">
              <lines>
                <line number="14" hits="0" branch="False" />
                <line number="18" hits="0" branch="False" />
                <line number="22" hits="0" branch="False" />
                <line number="23" hits="0" branch="False" />
                <line number="24" hits="0" branch="False" />
                <line number="25" hits="0" branch="False" />
                <line number="35" hits="0" branch="False" />
                <line number="36" hits="0" branch="False" />
                <line number="39" hits="0" branch="False" />
                <line number="43" hits="0" branch="False" />
                <line number="44" hits="0" branch="False" />
                <line number="45" hits="0" branch="False" />
                <line number="46" hits="0" branch="False" />
                <line number="47" hits="0" branch="False" />
                <line number="48" hits="0" branch="False" />
                <line number="49" hits="0" branch="False" />
                <line number="50" hits="0" branch="False" />
                <line number="51" hits="0" branch="False" />
                <line number="55" hits="0" branch="False" />
                <line number="57" hits="0" branch="False" />
                <line number="58" hits="0" branch="False" />
                <line number="60" hits="0" branch="False" />
                <line number="63" hits="0" branch="True" condition-coverage="0% (0/2)">
                  <conditions>
                    <condition number="226" type="jump" coverage="0%" />
                  </conditions>
                </line>
                <line number="64" hits="0" branch="False" />
                <line number="65" hits="0" branch="False" />
                <line number="66" hits="0" branch="False" />
                <line number="67" hits="0" branch="False" />
                <line number="69" hits="0" branch="False" />
                <line number="71" hits="0" branch="False" />
                <line number="73" hits="0" branch="False" />
                <line number="75" hits="0" branch="False" />
                <line number="77" hits="0" branch="False" />
              </lines>
            </method>
          </methods>
          <lines>
            <line number="14" hits="0" branch="False" />
            <line number="18" hits="0" branch="False" />
            <line number="22" hits="0" branch="False" />
            <line number="23" hits="0" branch="False" />
            <line number="24" hits="0" branch="False" />
            <line number="25" hits="0" branch="False" />
            <line number="35" hits="0" branch="False" />
            <line number="36" hits="0" branch="False" />
            <line number="39" hits="0" branch="False" />
            <line number="43" hits="0" branch="False" />
            <line number="44" hits="0" branch="False" />
            <line number="45" hits="0" branch="False" />
            <line number="46" hits="0" branch="False" />
            <line number="47" hits="0" branch="False" />
            <line number="48" hits="0" branch="False" />
            <line number="49" hits="0" branch="False" />
            <line number="50" hits="0" branch="False" />
            <line number="51" hits="0" branch="False" />
            <line number="55" hits="0" branch="False" />
            <line number="57" hits="0" branch="False" />
            <line number="58" hits="0" branch="False" />
            <line number="60" hits="0" branch="False" />
            <line number="63" hits="0" branch="True" condition-coverage="0% (0/2)">
              <conditions>
                <condition number="226" type="jump" coverage="0%" />
              </conditions>
            </line>
            <line number="64" hits="0" branch="False" />
            <line number="65" hits="0" branch="False" />
            <line number="66" hits="0" branch="False" />
            <line number="67" hits="0" branch="False" />
            <line number="69" hits="0" branch="False" />
            <line number="71" hits="0" branch="False" />
            <line number="73" hits="0" branch="False" />
            <line number="75" hits="0" branch="False" />
            <line number="77" hits="0" branch="False" />
          </lines>
        </class>
        <class name="BankingApplication.Services.CustomerService" filename="source\PulledFiles\Celsior-training\BankingApplicationSolution\BankingApplication\Services\CustomerService.cs" line-rate="1" branch-rate="1" complexity="3">
          <methods>
            <method name="GenerateAccountNumber" signature="()" line-rate="1" branch-rate="1" complexity="2">
              <lines>
                <line number="21" hits="2" branch="False" />
                <line number="22" hits="2" branch="False" />
                <line number="23" hits="2" branch="False" />
                <line number="25" hits="60" branch="True" condition-coverage="100% (2/2)">
                  <conditions>
                    <condition number="56" type="jump" coverage="100%" />
                  </conditions>
                </line>
                <line number="26" hits="28" branch="False" />
                <line number="27" hits="28" branch="False" />
                <line number="28" hits="28" branch="False" />
                <line number="30" hits="2" branch="False" />
                <line number="31" hits="2" branch="False" />
              </lines>
            </method>
            <method name=".ctor" signature="(BankingApplication.Interface.IRepository`2&lt;System.Int32,BankingApplication.Models.Customer&gt;)" line-rate="1" branch-rate="1" complexity="1">
              <lines>
                <line number="12" hits="7" branch="False" />
                <line number="13" hits="7" branch="False" />
                <line number="14" hits="7" branch="False" />
                <line number="15" hits="7" branch="False" />
              </lines>
            </method>
          </methods>
          <lines>
            <line number="21" hits="2" branch="False" />
            <line number="22" hits="2" branch="False" />
            <line number="23" hits="2" branch="False" />
            <line number="25" hits="60" branch="True" condition-coverage="100% (2/2)">
              <conditions>
                <condition number="56" type="jump" coverage="100%" />
              </conditions>
            </line>
            <line number="26" hits="28" branch="False" />
            <line number="27" hits="28" branch="False" />
            <line number="28" hits="28" branch="False" />
            <line number="30" hits="2" branch="False" />
            <line number="31" hits="2" branch="False" />
            <line number="12" hits="7" branch="False" />
            <line number="13" hits="7" branch="False" />
            <line number="14" hits="7" branch="False" />
            <line number="15" hits="7" branch="False" />
          </lines>
        </class>
        <class name="BankingApplication.Services.CustomerService/&lt;CreateCustomer&gt;d__3" filename="source\PulledFiles\Celsior-training\BankingApplicationSolution\BankingApplication\Services\CustomerService.cs" line-rate="1" branch-rate="1" complexity="1">
          <methods>
            <method name="MoveNext" signature="()" line-rate="1" branch-rate="1" complexity="1">
              <lines>
                <line number="37" hits="2" branch="False" />
                <line number="39" hits="2" branch="False" />
                <line number="40" hits="2" branch="False" />
                <line number="41" hits="2" branch="False" />
                <line number="42" hits="2" branch="False" />
                <line number="43" hits="2" branch="False" />
                <line number="44" hits="2" branch="False" />
                <line number="45" hits="2" branch="False" />
                <line number="46" hits="2" branch="False" />
                <line number="47" hits="2" branch="False" />
                <line number="48" hits="2" branch="False" />
                <line number="49" hits="2" branch="False" />
                <line number="50" hits="2" branch="False" />
                <line number="51" hits="2" branch="False" />
                <line number="53" hits="2" branch="False" />
                <line number="54" hits="1" branch="False" />
                <line number="56" hits="1" branch="False" />
                <line number="57" hits="1" branch="False" />
                <line number="58" hits="1" branch="False" />
                <line number="62" hits="1" branch="False" />
              </lines>
            </method>
          </methods>
          <lines>
            <line number="37" hits="2" branch="False" />
            <line number="39" hits="2" branch="False" />
            <line number="40" hits="2" branch="False" />
            <line number="41" hits="2" branch="False" />
            <line number="42" hits="2" branch="False" />
            <line number="43" hits="2" branch="False" />
            <line number="44" hits="2" branch="False" />
            <line number="45" hits="2" branch="False" />
            <line number="46" hits="2" branch="False" />
            <line number="47" hits="2" branch="False" />
            <line number="48" hits="2" branch="False" />
            <line number="49" hits="2" branch="False" />
            <line number="50" hits="2" branch="False" />
            <line number="51" hits="2" branch="False" />
            <line number="53" hits="2" branch="False" />
            <line number="54" hits="1" branch="False" />
            <line number="56" hits="1" branch="False" />
            <line number="57" hits="1" branch="False" />
            <line number="58" hits="1" branch="False" />
            <line number="62" hits="1" branch="False" />
          </lines>
        </class>
        <class name="BankingApplication.Services.CustomerService/&lt;DeleteCustomer&gt;d__4" filename="source\PulledFiles\Celsior-training\BankingApplicationSolution\BankingApplication\Services\CustomerService.cs" line-rate="1" branch-rate="1" complexity="1">
          <methods>
            <method name="MoveNext" signature="()" line-rate="1" branch-rate="1" complexity="1">
              <lines>
                <line number="65" hits="1" branch="False" />
                <line number="66" hits="1" branch="False" />
                <line number="68" hits="1" branch="False" />
                <line number="70" hits="1" branch="False" />
              </lines>
            </method>
          </methods>
          <lines>
            <line number="65" hits="1" branch="False" />
            <line number="66" hits="1" branch="False" />
            <line number="68" hits="1" branch="False" />
            <line number="70" hits="1" branch="False" />
          </lines>
        </class>
        <class name="BankingApplication.Services.CustomerService/&lt;GetAllCustomer&gt;d__5" filename="source\PulledFiles\Celsior-training\BankingApplicationSolution\BankingApplication\Services\CustomerService.cs" line-rate="1" branch-rate="1" complexity="1">
          <methods>
            <method name="MoveNext" signature="()" line-rate="1" branch-rate="1" complexity="1">
              <lines>
                <line number="73" hits="1" branch="False" />
                <line number="74" hits="1" branch="False" />
                <line number="75" hits="1" branch="False" />
                <line number="76" hits="1" branch="False" />
              </lines>
            </method>
          </methods>
          <lines>
            <line number="73" hits="1" branch="False" />
            <line number="74" hits="1" branch="False" />
            <line number="75" hits="1" branch="False" />
            <line number="76" hits="1" branch="False" />
          </lines>
        </class>
        <class name="BankingApplication.Services.CustomerService/&lt;GetCustomer&gt;d__6" filename="source\PulledFiles\Celsior-training\BankingApplicationSolution\BankingApplication\Services\CustomerService.cs" line-rate="1" branch-rate="1" complexity="2">
          <methods>
            <method name="MoveNext" signature="()" line-rate="1" branch-rate="1" complexity="2">
              <lines>
                <line number="79" hits="2" branch="False" />
                <line number="80" hits="2" branch="False" />
                <line number="81" hits="2" branch="True" condition-coverage="100% (2/2)">
                  <conditions>
                    <condition number="164" type="jump" coverage="100%" />
                  </conditions>
                </line>
                <line number="82" hits="1" branch="False" />
                <line number="83" hits="1" branch="False" />
                <line number="85" hits="1" branch="False" />
                <line number="86" hits="1" branch="False" />
              </lines>
            </method>
          </methods>
          <lines>
            <line number="79" hits="2" branch="False" />
            <line number="80" hits="2" branch="False" />
            <line number="81" hits="2" branch="True" condition-coverage="100% (2/2)">
              <conditions>
                <condition number="164" type="jump" coverage="100%" />
              </conditions>
            </line>
            <line number="82" hits="1" branch="False" />
            <line number="83" hits="1" branch="False" />
            <line number="85" hits="1" branch="False" />
            <line number="86" hits="1" branch="False" />
          </lines>
        </class>
        <class name="BankingApplication.Services.CustomerService/&lt;UpdateCustomer&gt;d__7" filename="source\PulledFiles\Celsior-training\BankingApplicationSolution\BankingApplication\Services\CustomerService.cs" line-rate="0.8234999999999999" branch-rate="1" complexity="1">
          <methods>
            <method name="MoveNext" signature="()" line-rate="0.8234999999999999" branch-rate="1" complexity="1">
              <lines>
                <line number="89" hits="1" branch="False" />
                <line number="91" hits="1" branch="False" />
                <line number="92" hits="1" branch="False" />
                <line number="93" hits="1" branch="False" />
                <line number="94" hits="1" branch="False" />
                <line number="95" hits="1" branch="False" />
                <line number="96" hits="1" branch="False" />
                <line number="97" hits="1" branch="False" />
                <line number="98" hits="1" branch="False" />
                <line number="99" hits="1" branch="False" />
                <line number="100" hits="1" branch="False" />
                <line number="101" hits="1" branch="False" />
                <line number="103" hits="1" branch="False" />
                <line number="105" hits="0" branch="False" />
                <line number="106" hits="0" branch="False" />
                <line number="107" hits="0" branch="False" />
                <line number="110" hits="1" branch="False" />
              </lines>
            </method>
          </methods>
          <lines>
            <line number="89" hits="1" branch="False" />
            <line number="91" hits="1" branch="False" />
            <line number="92" hits="1" branch="False" />
            <line number="93" hits="1" branch="False" />
            <line number="94" hits="1" branch="False" />
            <line number="95" hits="1" branch="False" />
            <line number="96" hits="1" branch="False" />
            <line number="97" hits="1" branch="False" />
            <line number="98" hits="1" branch="False" />
            <line number="99" hits="1" branch="False" />
            <line number="100" hits="1" branch="False" />
            <line number="101" hits="1" branch="False" />
            <line number="103" hits="1" branch="False" />
            <line number="105" hits="0" branch="False" />
            <line number="106" hits="0" branch="False" />
            <line number="107" hits="0" branch="False" />
            <line number="110" hits="1" branch="False" />
          </lines>
        </class>
        <class name="BankingApplication.Repositories.CustomerRepository" filename="source\PulledFiles\Celsior-training\BankingApplicationSolution\BankingApplication\Repositories\CustomerRepository.cs" line-rate="1" branch-rate="1" complexity="1">
          <methods>
            <method name=".ctor" signature="(BankingApplication.Context.BankingContext)" line-rate="1" branch-rate="1" complexity="1">
              <lines>
                <line number="13" hits="15" branch="False" />
                <line number="14" hits="15" branch="False" />
                <line number="15" hits="15" branch="False" />
                <line number="17" hits="15" branch="False" />
              </lines>
            </method>
          </methods>
          <lines>
            <line number="13" hits="15" branch="False" />
            <line number="14" hits="15" branch="False" />
            <line number="15" hits="15" branch="False" />
            <line number="17" hits="15" branch="False" />
          </lines>
        </class>
        <class name="BankingApplication.Repositories.CustomerRepository/&lt;Create&gt;d__2" filename="source\PulledFiles\Celsior-training\BankingApplicationSolution\BankingApplication\Repositories\CustomerRepository.cs" line-rate="1" branch-rate="1" complexity="1">
          <methods>
            <method name="MoveNext" signature="()" line-rate="1" branch-rate="1" complexity="1">
              <lines>
                <line number="19" hits="11" branch="False" />
                <line number="21" hits="11" branch="False" />
                <line number="22" hits="11" branch="False" />
                <line number="23" hits="11" branch="False" />
                <line number="24" hits="9" branch="False" />
                <line number="27" hits="2" branch="False" />
                <line number="28" hits="2" branch="False" />
                <line number="29" hits="2" branch="False" />
                <line number="33" hits="9" branch="False" />
              </lines>
            </method>
          </methods>
          <lines>
            <line number="19" hits="11" branch="False" />
            <line number="21" hits="11" branch="False" />
            <line number="22" hits="11" branch="False" />
            <line number="23" hits="11" branch="False" />
            <line number="24" hits="9" branch="False" />
            <line number="27" hits="2" branch="False" />
            <line number="28" hits="2" branch="False" />
            <line number="29" hits="2" branch="False" />
            <line number="33" hits="9" branch="False" />
          </lines>
        </class>
        <class name="BankingApplication.Repositories.CustomerRepository/&lt;Delete&gt;d__3" filename="source\PulledFiles\Celsior-training\BankingApplicationSolution\BankingApplication\Repositories\CustomerRepository.cs" line-rate="1" branch-rate="1" complexity="2">
          <methods>
            <method name="MoveNext" signature="()" line-rate="1" branch-rate="1" complexity="2">
              <lines>
                <line number="36" hits="2" branch="False" />
                <line number="38" hits="2" branch="False" />
                <line number="39" hits="2" branch="True" condition-coverage="100% (2/2)">
                  <conditions>
                    <condition number="170" type="jump" coverage="100%" />
                  </conditions>
                </line>
                <line number="40" hits="1" branch="False" />
                <line number="41" hits="1" branch="False" />
                <line number="43" hits="1" branch="False" />
                <line number="44" hits="1" branch="False" />
                <line number="46" hits="1" branch="False" />
                <line number="47" hits="1" branch="False" />
              </lines>
            </method>
          </methods>
          <lines>
            <line number="36" hits="2" branch="False" />
            <line number="38" hits="2" branch="False" />
            <line number="39" hits="2" branch="True" condition-coverage="100% (2/2)">
              <conditions>
                <condition number="170" type="jump" coverage="100%" />
              </conditions>
            </line>
            <line number="40" hits="1" branch="False" />
            <line number="41" hits="1" branch="False" />
            <line number="43" hits="1" branch="False" />
            <line number="44" hits="1" branch="False" />
            <line number="46" hits="1" branch="False" />
            <line number="47" hits="1" branch="False" />
          </lines>
        </class>
        <class name="BankingApplication.Repositories.CustomerRepository/&lt;Get&gt;d__4" filename="source\PulledFiles\Celsior-training\BankingApplicationSolution\BankingApplication\Repositories\CustomerRepository.cs" line-rate="1" branch-rate="1" complexity="1">
          <methods>
            <method name="MoveNext" signature="()" line-rate="1" branch-rate="1" complexity="1">
              <lines>
                <line number="50" hits="9" branch="False" />
                <line number="51" hits="9" branch="False" />
                <line number="52" hits="9" branch="False" />
                <line number="53" hits="9" branch="False" />
              </lines>
            </method>
          </methods>
          <lines>
            <line number="50" hits="9" branch="False" />
            <line number="51" hits="9" branch="False" />
            <line number="52" hits="9" branch="False" />
            <line number="53" hits="9" branch="False" />
          </lines>
        </class>
        <class name="BankingApplication.Repositories.CustomerRepository/&lt;GetAll&gt;d__5" filename="source\PulledFiles\Celsior-training\BankingApplicationSolution\BankingApplication\Repositories\CustomerRepository.cs" line-rate="1" branch-rate="1" complexity="2">
          <methods>
            <method name="MoveNext" signature="()" line-rate="1" branch-rate="1" complexity="2">
              <lines>
                <line number="56" hits="2" branch="False" />
                <line number="57" hits="2" branch="False" />
                <line number="58" hits="2" branch="True" condition-coverage="100% (2/2)">
                  <conditions>
                    <condition number="48" type="jump" coverage="100%" />
                  </conditions>
                </line>
                <line number="59" hits="1" branch="False" />
                <line number="60" hits="1" branch="False" />
                <line number="62" hits="1" branch="False" />
                <line number="64" hits="1" branch="False" />
              </lines>
            </method>
          </methods>
          <lines>
            <line number="56" hits="2" branch="False" />
            <line number="57" hits="2" branch="False" />
            <line number="58" hits="2" branch="True" condition-coverage="100% (2/2)">
              <conditions>
                <condition number="48" type="jump" coverage="100%" />
              </conditions>
            </line>
            <line number="59" hits="1" branch="False" />
            <line number="60" hits="1" branch="False" />
            <line number="62" hits="1" branch="False" />
            <line number="64" hits="1" branch="False" />
          </lines>
        </class>
        <class name="BankingApplication.Repositories.CustomerRepository/&lt;Update&gt;d__6" filename="source\PulledFiles\Celsior-training\BankingApplicationSolution\BankingApplication\Repositories\CustomerRepository.cs" line-rate="0.9189" branch-rate="0.9285" complexity="14">
          <methods>
            <method name="MoveNext" signature="()" line-rate="0.9189" branch-rate="0.9285" complexity="14">
              <lines>
                <line number="67" hits="6" branch="False" />
                <line number="69" hits="6" branch="False" />
                <line number="70" hits="6" branch="False" />
                <line number="71" hits="6" branch="True" condition-coverage="100% (2/2)">
                  <conditions>
                    <condition number="180" type="jump" coverage="100%" />
                  </conditions>
                </line>
                <line number="72" hits="5" branch="False" />
                <line number="73" hits="5" branch="True" condition-coverage="50% (1/2)">
                  <conditions>
                    <condition number="209" type="jump" coverage="50%" />
                  </conditions>
                </line>
                <line number="74" hits="0" branch="False" />
                <line number="75" hits="0" branch="False" />
                <line number="76" hits="0" branch="False" />
                <line number="77" hits="5" branch="True" condition-coverage="100% (2/2)">
                  <conditions>
                    <condition number="259" type="jump" coverage="100%" />
                  </conditions>
                </line>
                <line number="78" hits="1" branch="False" />
                <line number="79" hits="1" branch="False" />
                <line number="80" hits="1" branch="False" />
                <line number="82" hits="5" branch="True" condition-coverage="100% (2/2)">
                  <conditions>
                    <condition number="309" type="jump" coverage="100%" />
                  </conditions>
                </line>
                <line number="83" hits="1" branch="False" />
                <line number="84" hits="1" branch="False" />
                <line number="85" hits="1" branch="False" />
                <line number="87" hits="5" branch="True" condition-coverage="100% (2/2)">
                  <conditions>
                    <condition number="359" type="jump" coverage="100%" />
                  </conditions>
                </line>
                <line number="88" hits="1" branch="False" />
                <line number="89" hits="1" branch="False" />
                <line number="90" hits="1" branch="False" />
                <line number="92" hits="5" branch="True" condition-coverage="100% (2/2)">
                  <conditions>
                    <condition number="409" type="jump" coverage="100%" />
                  </conditions>
                </line>
                <line number="93" hits="1" branch="False" />
                <line number="94" hits="1" branch="False" />
                <line number="95" hits="1" branch="False" />
                <line number="97" hits="5" branch="True" condition-coverage="100% (2/2)">
                  <conditions>
                    <condition number="459" type="jump" coverage="100%" />
                  </conditions>
                </line>
                <line number="98" hits="1" branch="False" />
                <line number="99" hits="1" branch="False" />
                <line number="100" hits="1" branch="False" />
                <line number="102" hits="5" branch="False" />
                <line number="103" hits="5" branch="False" />
                <line number="106" hits="1" branch="False" />
                <line number="107" hits="1" branch="False" />
                <line number="110" hits="1" branch="False" />
                <line number="111" hits="1" branch="False" />
                <line number="112" hits="1" branch="False" />
                <line number="115" hits="5" branch="False" />
              </lines>
            </method>
          </methods>
          <lines>
            <line number="67" hits="6" branch="False" />
            <line number="69" hits="6" branch="False" />
            <line number="70" hits="6" branch="False" />
            <line number="71" hits="6" branch="True" condition-coverage="100% (2/2)">
              <conditions>
                <condition number="180" type="jump" coverage="100%" />
              </conditions>
            </line>
            <line number="72" hits="5" branch="False" />
            <line number="73" hits="5" branch="True" condition-coverage="50% (1/2)">
              <conditions>
                <condition number="209" type="jump" coverage="50%" />
              </conditions>
            </line>
            <line number="74" hits="0" branch="False" />
            <line number="75" hits="0" branch="False" />
            <line number="76" hits="0" branch="False" />
            <line number="77" hits="5" branch="True" condition-coverage="100% (2/2)">
              <conditions>
                <condition number="259" type="jump" coverage="100%" />
              </conditions>
            </line>
            <line number="78" hits="1" branch="False" />
            <line number="79" hits="1" branch="False" />
            <line number="80" hits="1" branch="False" />
            <line number="82" hits="5" branch="True" condition-coverage="100% (2/2)">
              <conditions>
                <condition number="309" type="jump" coverage="100%" />
              </conditions>
            </line>
            <line number="83" hits="1" branch="False" />
            <line number="84" hits="1" branch="False" />
            <line number="85" hits="1" branch="False" />
            <line number="87" hits="5" branch="True" condition-coverage="100% (2/2)">
              <conditions>
                <condition number="359" type="jump" coverage="100%" />
              </conditions>
            </line>
            <line number="88" hits="1" branch="False" />
            <line number="89" hits="1" branch="False" />
            <line number="90" hits="1" branch="False" />
            <line number="92" hits="5" branch="True" condition-coverage="100% (2/2)">
              <conditions>
                <condition number="409" type="jump" coverage="100%" />
              </conditions>
            </line>
            <line number="93" hits="1" branch="False" />
            <line number="94" hits="1" branch="False" />
            <line number="95" hits="1" branch="False" />
            <line number="97" hits="5" branch="True" condition-coverage="100% (2/2)">
              <conditions>
                <condition number="459" type="jump" coverage="100%" />
              </conditions>
            </line>
            <line number="98" hits="1" branch="False" />
            <line number="99" hits="1" branch="False" />
            <line number="100" hits="1" branch="False" />
            <line number="102" hits="5" branch="False" />
            <line number="103" hits="5" branch="False" />
            <line number="106" hits="1" branch="False" />
            <line number="107" hits="1" branch="False" />
            <line number="110" hits="1" branch="False" />
            <line number="111" hits="1" branch="False" />
            <line number="112" hits="1" branch="False" />
            <line number="115" hits="5" branch="False" />
          </lines>
        </class>
        <class name="BankingApplication.Repositories.EmployeeRepository" filename="source\PulledFiles\Celsior-training\BankingApplicationSolution\BankingApplication\Repositories\EmployeeRepository.cs" line-rate="1" branch-rate="1" complexity="1">
          <methods>
            <method name=".ctor" signature="(BankingApplication.Context.BankingContext)" line-rate="1" branch-rate="1" complexity="1">
              <lines>
                <line number="13" hits="7" branch="False" />
                <line number="14" hits="7" branch="False" />
                <line number="15" hits="7" branch="False" />
                <line number="17" hits="7" branch="False" />
              </lines>
            </method>
          </methods>
          <lines>
            <line number="13" hits="7" branch="False" />
            <line number="14" hits="7" branch="False" />
            <line number="15" hits="7" branch="False" />
            <line number="17" hits="7" branch="False" />
          </lines>
        </class>
        <class name="BankingApplication.Repositories.EmployeeRepository/&lt;Create&gt;d__2" filename="source\PulledFiles\Celsior-training\BankingApplicationSolution\BankingApplication\Repositories\EmployeeRepository.cs" line-rate="1" branch-rate="1" complexity="2">
          <methods>
            <method name="MoveNext" signature="()" line-rate="1" branch-rate="1" complexity="2">
              <lines>
                <line number="20" hits="5" branch="False" />
                <line number="22" hits="5" branch="False" />
                <line number="23" hits="5" branch="False" />
                <line number="24" hits="5" branch="True" condition-coverage="100% (2/2)">
                  <conditions>
                    <condition number="223" type="jump" coverage="100%" />
                  </conditions>
                </line>
                <line number="25" hits="4" branch="False" />
                <line number="26" hits="4" branch="False" />
                <line number="27" hits="4" branch="False" />
                <line number="28" hits="4" branch="False" />
                <line number="32" hits="1" branch="False" />
                <line number="33" hits="1" branch="False" />
                <line number="39" hits="1" branch="False" />
                <line number="40" hits="1" branch="False" />
                <line number="41" hits="1" branch="False" />
                <line number="44" hits="4" branch="False" />
              </lines>
            </method>
          </methods>
          <lines>
            <line number="20" hits="5" branch="False" />
            <line number="22" hits="5" branch="False" />
            <line number="23" hits="5" branch="False" />
            <line number="24" hits="5" branch="True" condition-coverage="100% (2/2)">
              <conditions>
                <condition number="223" type="jump" coverage="100%" />
              </conditions>
            </line>
            <line number="25" hits="4" branch="False" />
            <line number="26" hits="4" branch="False" />
            <line number="27" hits="4" branch="False" />
            <line number="28" hits="4" branch="False" />
            <line number="32" hits="1" branch="False" />
            <line number="33" hits="1" branch="False" />
            <line number="39" hits="1" branch="False" />
            <line number="40" hits="1" branch="False" />
            <line number="41" hits="1" branch="False" />
            <line number="44" hits="4" branch="False" />
          </lines>
        </class>
        <class name="BankingApplication.Repositories.EmployeeRepository/&lt;Delete&gt;d__6" filename="source\PulledFiles\Celsior-training\BankingApplicationSolution\BankingApplication\Repositories\EmployeeRepository.cs" line-rate="0.7777" branch-rate="0.5" complexity="2">
          <methods>
            <method name="MoveNext" signature="()" line-rate="0.7777" branch-rate="0.5" complexity="2">
              <lines>
                <line number="79" hits="1" branch="False" />
                <line number="80" hits="1" branch="False" />
                <line number="82" hits="1" branch="True" condition-coverage="50% (1/2)">
                  <conditions>
                    <condition number="170" type="jump" coverage="50%" />
                  </conditions>
                </line>
                <line number="83" hits="0" branch="False" />
                <line number="84" hits="0" branch="False" />
                <line number="87" hits="1" branch="False" />
                <line number="89" hits="1" branch="False" />
                <line number="91" hits="1" branch="False" />
                <line number="92" hits="1" branch="False" />
              </lines>
            </method>
          </methods>
          <lines>
            <line number="79" hits="1" branch="False" />
            <line number="80" hits="1" branch="False" />
            <line number="82" hits="1" branch="True" condition-coverage="50% (1/2)">
              <conditions>
                <condition number="170" type="jump" coverage="50%" />
              </conditions>
            </line>
            <line number="83" hits="0" branch="False" />
            <line number="84" hits="0" branch="False" />
            <line number="87" hits="1" branch="False" />
            <line number="89" hits="1" branch="False" />
            <line number="91" hits="1" branch="False" />
            <line number="92" hits="1" branch="False" />
          </lines>
        </class>
        <class name="BankingApplication.Repositories.EmployeeRepository/&lt;Get&gt;d__3" filename="source\PulledFiles\Celsior-training\BankingApplicationSolution\BankingApplication\Repositories\EmployeeRepository.cs" line-rate="1" branch-rate="1" complexity="1">
          <methods>
            <method name="MoveNext" signature="()" line-rate="1" branch-rate="1" complexity="1">
              <lines>
                <line number="49" hits="2" branch="False" />
                <line number="50" hits="2" branch="False" />
                <line number="52" hits="2" branch="False" />
                <line number="56" hits="2" branch="False" />
              </lines>
            </method>
          </methods>
          <lines>
            <line number="49" hits="2" branch="False" />
            <line number="50" hits="2" branch="False" />
            <line number="52" hits="2" branch="False" />
            <line number="56" hits="2" branch="False" />
          </lines>
        </class>
        <class name="BankingApplication.Repositories.EmployeeRepository/&lt;GetAll&gt;d__4" filename="source\PulledFiles\Celsior-training\BankingApplicationSolution\BankingApplication\Repositories\EmployeeRepository.cs" line-rate="1" branch-rate="1" complexity="2">
          <methods>
            <method name="MoveNext" signature="()" line-rate="1" branch-rate="1" complexity="2">
              <lines>
                <line number="61" hits="2" branch="False" />
                <line number="62" hits="2" branch="False" />
                <line number="64" hits="2" branch="True" condition-coverage="100% (2/2)">
                  <conditions>
                    <condition number="48" type="jump" coverage="100%" />
                  </conditions>
                </line>
                <line number="65" hits="1" branch="False" />
                <line number="66" hits="1" branch="False" />
                <line number="69" hits="1" branch="False" />
                <line number="70" hits="1" branch="False" />
              </lines>
            </method>
          </methods>
          <lines>
            <line number="61" hits="2" branch="False" />
            <line number="62" hits="2" branch="False" />
            <line number="64" hits="2" branch="True" condition-coverage="100% (2/2)">
              <conditions>
                <condition number="48" type="jump" coverage="100%" />
              </conditions>
            </line>
            <line number="65" hits="1" branch="False" />
            <line number="66" hits="1" branch="False" />
            <line number="69" hits="1" branch="False" />
            <line number="70" hits="1" branch="False" />
          </lines>
        </class>
        <class name="BankingApplication.Repositories.EmployeeRepository/&lt;Update&gt;d__5" filename="source\PulledFiles\Celsior-training\BankingApplicationSolution\BankingApplication\Repositories\EmployeeRepository.cs" line-rate="0" branch-rate="1" complexity="1">
          <methods>
            <method name="MoveNext" signature="()" line-rate="0" branch-rate="1" complexity="1">
              <lines>
                <line number="73" hits="0" branch="False" />
                <line number="74" hits="0" branch="False" />
              </lines>
            </method>
          </methods>
          <lines>
            <line number="73" hits="0" branch="False" />
            <line number="74" hits="0" branch="False" />
          </lines>
        </class>
        <class name="BankingApplication.Models.Customer" filename="source\PulledFiles\Celsior-training\BankingApplicationSolution\BankingApplication\Models\Customer.cs" line-rate="1" branch-rate="1" complexity="9">
          <methods>
            <method name="get_CustomerID" signature="()" line-rate="1" branch-rate="1" complexity="1">
              <lines>
                <line number="7" hits="26" branch="False" />
              </lines>
            </method>
            <method name="get_FirstName" signature="()" line-rate="1" branch-rate="1" complexity="1">
              <lines>
                <line number="11" hits="65" branch="False" />
              </lines>
            </method>
            <method name="get_LastName" signature="()" line-rate="1" branch-rate="1" complexity="1">
              <lines>
                <line number="13" hits="68" branch="False" />
              </lines>
            </method>
            <method name="get_Address" signature="()" line-rate="1" branch-rate="1" complexity="1">
              <lines>
                <line number="15" hits="35" branch="False" />
              </lines>
            </method>
            <method name="get_City" signature="()" line-rate="1" branch-rate="1" complexity="1">
              <lines>
                <line number="17" hits="34" branch="False" />
              </lines>
            </method>
            <method name="get_DateOfBirth" signature="()" line-rate="1" branch-rate="1" complexity="1">
              <lines>
                <line number="20" hits="24" branch="False" />
              </lines>
            </method>
            <method name="get_Phone" signature="()" line-rate="1" branch-rate="1" complexity="1">
              <lines>
                <line number="23" hits="68" branch="False" />
              </lines>
            </method>
            <method name="get_Email" signature="()" line-rate="1" branch-rate="1" complexity="1">
              <lines>
                <line number="25" hits="68" branch="False" />
              </lines>
            </method>
            <method name="get_AccountNumber" signature="()" line-rate="1" branch-rate="1" complexity="1">
              <lines>
                <line number="28" hits="58" branch="False" />
              </lines>
            </method>
          </methods>
          <lines>
            <line number="7" hits="26" branch="False" />
            <line number="11" hits="65" branch="False" />
            <line number="13" hits="68" branch="False" />
            <line number="15" hits="35" branch="False" />
            <line number="17" hits="34" branch="False" />
            <line number="20" hits="24" branch="False" />
            <line number="23" hits="68" branch="False" />
            <line number="25" hits="68" branch="False" />
            <line number="28" hits="58" branch="False" />
          </lines>
        </class>
        <class name="BankingApplication.Models.Employee" filename="source\PulledFiles\Celsior-training\BankingApplicationSolution\BankingApplication\Models\Employee.cs" line-rate="1" branch-rate="1" complexity="4">
          <methods>
            <method name="get_EmployeeId" signature="()" line-rate="1" branch-rate="1" complexity="1">
              <lines>
                <line number="13" hits="7" branch="False" />
              </lines>
            </method>
            <method name="get_EmployeeName" signature="()" line-rate="1" branch-rate="1" complexity="1">
              <lines>
                <line number="14" hits="13" branch="False" />
              </lines>
            </method>
            <method name="get_EmployeeEmail" signature="()" line-rate="1" branch-rate="1" complexity="1">
              <lines>
                <line number="16" hits="20" branch="False" />
              </lines>
            </method>
            <method name="get_Role" signature="()" line-rate="1" branch-rate="1" complexity="1">
              <lines>
                <line number="18" hits="13" branch="False" />
              </lines>
            </method>
          </methods>
          <lines>
            <line number="13" hits="7" branch="False" />
            <line number="14" hits="13" branch="False" />
            <line number="16" hits="20" branch="False" />
            <line number="18" hits="13" branch="False" />
          </lines>
        </class>
        <class name="BankingApplication.Models.DTOs.CreateCustomerDTO" filename="source\PulledFiles\Celsior-training\BankingApplicationSolution\BankingApplication\Models\DTOs\CreateCustomerDTO.cs" line-rate="1" branch-rate="1" complexity="8">
          <methods>
            <method name="get_CustomerID" signature="()" line-rate="1" branch-rate="1" complexity="1">
              <lines>
                <line number="7" hits="1" branch="False" />
              </lines>
            </method>
            <method name="get_FirstName" signature="()" line-rate="1" branch-rate="1" complexity="1">
              <lines>
                <line number="8" hits="23" branch="False" />
              </lines>
            </method>
            <method name="get_LastName" signature="()" line-rate="1" branch-rate="1" complexity="1">
              <lines>
                <line number="9" hits="15" branch="False" />
              </lines>
            </method>
            <method name="get_Address" signature="()" line-rate="1" branch-rate="1" complexity="1">
              <lines>
                <line number="11" hits="9" branch="False" />
              </lines>
            </method>
            <method name="get_City" signature="()" line-rate="1" branch-rate="1" complexity="1">
              <lines>
                <line number="12" hits="5" branch="False" />
              </lines>
            </method>
            <method name="get_DateOfBirth" signature="()" line-rate="1" branch-rate="1" complexity="1">
              <lines>
                <line number="14" hits="4" branch="False" />
              </lines>
            </method>
            <method name="get_phone" signature="()" line-rate="1" branch-rate="1" complexity="1">
              <lines>
                <line number="16" hits="15" branch="False" />
              </lines>
            </method>
            <method name="get_Email" signature="()" line-rate="1" branch-rate="1" complexity="1">
              <lines>
                <line number="18" hits="15" branch="False" />
              </lines>
            </method>
          </methods>
          <lines>
            <line number="7" hits="1" branch="False" />
            <line number="8" hits="23" branch="False" />
            <line number="9" hits="15" branch="False" />
            <line number="11" hits="9" branch="False" />
            <line number="12" hits="5" branch="False" />
            <line number="14" hits="4" branch="False" />
            <line number="16" hits="15" branch="False" />
            <line number="18" hits="15" branch="False" />
          </lines>
        </class>
        <class name="BankingApplication.Exceptions.CouldNotAddException" filename="source\PulledFiles\Celsior-training\BankingApplicationSolution\BankingApplication\Exceptions\CouldNotAddException.cs" line-rate="1" branch-rate="1" complexity="2">
          <methods>
            <method name="get_Message" signature="()" line-rate="1" branch-rate="1" complexity="1">
              <lines>
                <line number="11" hits="3" branch="False" />
              </lines>
            </method>
            <method name=".ctor" signature="(System.String)" line-rate="1" branch-rate="1" complexity="1">
              <lines>
                <line number="6" hits="3" branch="False" />
                <line number="7" hits="3" branch="False" />
                <line number="8" hits="3" branch="False" />
                <line number="9" hits="3" branch="False" />
              </lines>
            </method>
          </methods>
          <lines>
            <line number="11" hits="3" branch="False" />
            <line number="6" hits="3" branch="False" />
            <line number="7" hits="3" branch="False" />
            <line number="8" hits="3" branch="False" />
            <line number="9" hits="3" branch="False" />
          </lines>
        </class>
        <class name="BankingApplication.Exceptions.EmptyCollectionException" filename="source\PulledFiles\Celsior-training\BankingApplicationSolution\BankingApplication\Exceptions\EmptyCollectionException.cs" line-rate="1" branch-rate="1" complexity="2">
          <methods>
            <method name="get_Message" signature="()" line-rate="1" branch-rate="1" complexity="1">
              <lines>
                <line number="13" hits="2" branch="False" />
              </lines>
            </method>
            <method name=".ctor" signature="(System.String)" line-rate="1" branch-rate="1" complexity="1">
              <lines>
                <line number="7" hits="3" branch="False" />
                <line number="8" hits="3" branch="False" />
                <line number="9" hits="3" branch="False" />
                <line number="11" hits="3" branch="False" />
              </lines>
            </method>
          </methods>
          <lines>
            <line number="13" hits="2" branch="False" />
            <line number="7" hits="3" branch="False" />
            <line number="8" hits="3" branch="False" />
            <line number="9" hits="3" branch="False" />
            <line number="11" hits="3" branch="False" />
          </lines>
        </class>
        <class name="BankingApplication.Controllers.CustomerController" filename="source\PulledFiles\Celsior-training\BankingApplicationSolution\BankingApplication\Controllers\CustomerController.cs" line-rate="1" branch-rate="1" complexity="1">
          <methods>
            <method name=".ctor" signature="(BankingApplication.Interface.ICustomerService)" line-rate="1" branch-rate="1" complexity="1">
              <lines>
                <line number="15" hits="16" branch="False" />
                <line number="16" hits="16" branch="False" />
                <line number="17" hits="16" branch="False" />
                <line number="19" hits="16" branch="False" />
              </lines>
            </method>
          </methods>
          <lines>
            <line number="15" hits="16" branch="False" />
            <line number="16" hits="16" branch="False" />
            <line number="17" hits="16" branch="False" />
            <line number="19" hits="16" branch="False" />
          </lines>
        </class>
        <class name="BankingApplication.Controllers.CustomerController/&lt;CreateCustomer&gt;d__5" filename="source\PulledFiles\Celsior-training\BankingApplicationSolution\BankingApplication\Controllers\CustomerController.cs" line-rate="1" branch-rate="1" complexity="2">
          <methods>
            <method name="MoveNext" signature="()" line-rate="1" branch-rate="1" complexity="2">
              <lines>
                <line number="91" hits="4" branch="False" />
                <line number="93" hits="4" branch="False" />
                <line number="94" hits="4" branch="True" condition-coverage="100% (2/2)">
                  <conditions>
                    <condition number="42" type="jump" coverage="100%" />
                  </conditions>
                </line>
                <line number="95" hits="3" branch="False" />
                <line number="96" hits="3" branch="False" />
                <line number="97" hits="1" branch="False" />
                <line number="99" hits="1" branch="False" />
                <line number="102" hits="1" branch="False" />
                <line number="103" hits="1" branch="False" />
                <line number="104" hits="1" branch="False" />
                <line number="106" hits="1" branch="False" />
                <line number="107" hits="1" branch="False" />
                <line number="108" hits="1" branch="False" />
                <line number="110" hits="4" branch="False" />
              </lines>
            </method>
          </methods>
          <lines>
            <line number="91" hits="4" branch="False" />
            <line number="93" hits="4" branch="False" />
            <line number="94" hits="4" branch="True" condition-coverage="100% (2/2)">
              <conditions>
                <condition number="42" type="jump" coverage="100%" />
              </conditions>
            </line>
            <line number="95" hits="3" branch="False" />
            <line number="96" hits="3" branch="False" />
            <line number="97" hits="1" branch="False" />
            <line number="99" hits="1" branch="False" />
            <line number="102" hits="1" branch="False" />
            <line number="103" hits="1" branch="False" />
            <line number="104" hits="1" branch="False" />
            <line number="106" hits="1" branch="False" />
            <line number="107" hits="1" branch="False" />
            <line number="108" hits="1" branch="False" />
            <line number="110" hits="4" branch="False" />
          </lines>
        </class>
        <class name="BankingApplication.Controllers.CustomerController/&lt;DeleteCustomer&gt;d__6" filename="source\PulledFiles\Celsior-training\BankingApplicationSolution\BankingApplication\Controllers\CustomerController.cs" line-rate="1" branch-rate="1" complexity="1">
          <methods>
            <method name="MoveNext" signature="()" line-rate="1" branch-rate="1" complexity="1">
              <lines>
                <line number="114" hits="3" branch="False" />
                <line number="116" hits="3" branch="False" />
                <line number="117" hits="3" branch="False" />
                <line number="118" hits="1" branch="False" />
                <line number="121" hits="1" branch="False" />
                <line number="122" hits="1" branch="False" />
                <line number="123" hits="1" branch="False" />
                <line number="125" hits="1" branch="False" />
                <line number="126" hits="1" branch="False" />
                <line number="127" hits="1" branch="False" />
                <line number="129" hits="3" branch="False" />
              </lines>
            </method>
          </methods>
          <lines>
            <line number="114" hits="3" branch="False" />
            <line number="116" hits="3" branch="False" />
            <line number="117" hits="3" branch="False" />
            <line number="118" hits="1" branch="False" />
            <line number="121" hits="1" branch="False" />
            <line number="122" hits="1" branch="False" />
            <line number="123" hits="1" branch="False" />
            <line number="125" hits="1" branch="False" />
            <line number="126" hits="1" branch="False" />
            <line number="127" hits="1" branch="False" />
            <line number="129" hits="3" branch="False" />
          </lines>
        </class>
        <class name="BankingApplication.Controllers.CustomerController/&lt;GetAllCustomer&gt;d__2" filename="source\PulledFiles\Celsior-training\BankingApplicationSolution\BankingApplication\Controllers\CustomerController.cs" line-rate="1" branch-rate="1" complexity="1">
          <methods>
            <method name="MoveNext" signature="()" line-rate="1" branch-rate="1" complexity="1">
              <lines>
                <line number="23" hits="3" branch="False" />
                <line number="25" hits="3" branch="False" />
                <line number="26" hits="3" branch="False" />
                <line number="27" hits="1" branch="False" />
                <line number="30" hits="1" branch="False" />
                <line number="31" hits="1" branch="False" />
                <line number="32" hits="1" branch="False" />
                <line number="35" hits="1" branch="False" />
                <line number="36" hits="1" branch="False" />
                <line number="37" hits="1" branch="False" />
                <line number="42" hits="3" branch="False" />
              </lines>
            </method>
          </methods>
          <lines>
            <line number="23" hits="3" branch="False" />
            <line number="25" hits="3" branch="False" />
            <line number="26" hits="3" branch="False" />
            <line number="27" hits="1" branch="False" />
            <line number="30" hits="1" branch="False" />
            <line number="31" hits="1" branch="False" />
            <line number="32" hits="1" branch="False" />
            <line number="35" hits="1" branch="False" />
            <line number="36" hits="1" branch="False" />
            <line number="37" hits="1" branch="False" />
            <line number="42" hits="3" branch="False" />
          </lines>
        </class>
        <class name="BankingApplication.Controllers.CustomerController/&lt;GetCustomerById&gt;d__3" filename="source\PulledFiles\Celsior-training\BankingApplicationSolution\BankingApplication\Controllers\CustomerController.cs" line-rate="1" branch-rate="1" complexity="1">
          <methods>
            <method name="MoveNext" signature="()" line-rate="1" branch-rate="1" complexity="1">
              <lines>
                <line number="47" hits="3" branch="False" />
                <line number="49" hits="3" branch="False" />
                <line number="50" hits="3" branch="False" />
                <line number="51" hits="1" branch="False" />
                <line number="54" hits="1" branch="False" />
                <line number="55" hits="1" branch="False" />
                <line number="57" hits="1" branch="False" />
                <line number="59" hits="1" branch="False" />
                <line number="60" hits="1" branch="False" />
                <line number="61" hits="1" branch="False" />
                <line number="62" hits="1" branch="False" />
                <line number="68" hits="3" branch="False" />
              </lines>
            </method>
          </methods>
          <lines>
            <line number="47" hits="3" branch="False" />
            <line number="49" hits="3" branch="False" />
            <line number="50" hits="3" branch="False" />
            <line number="51" hits="1" branch="False" />
            <line number="54" hits="1" branch="False" />
            <line number="55" hits="1" branch="False" />
            <line number="57" hits="1" branch="False" />
            <line number="59" hits="1" branch="False" />
            <line number="60" hits="1" branch="False" />
            <line number="61" hits="1" branch="False" />
            <line number="62" hits="1" branch="False" />
            <line number="68" hits="3" branch="False" />
          </lines>
        </class>
        <class name="BankingApplication.Controllers.CustomerController/&lt;UpdateCustomer&gt;d__4" filename="source\PulledFiles\Celsior-training\BankingApplicationSolution\BankingApplication\Controllers\CustomerController.cs" line-rate="1" branch-rate="1" complexity="1">
          <methods>
            <method name="MoveNext" signature="()" line-rate="1" branch-rate="1" complexity="1">
              <lines>
                <line number="72" hits="3" branch="False" />
                <line number="74" hits="3" branch="False" />
                <line number="75" hits="3" branch="False" />
                <line number="76" hits="1" branch="False" />
                <line number="79" hits="1" branch="False" />
                <line number="80" hits="1" branch="False" />
                <line number="81" hits="1" branch="False" />
                <line number="83" hits="1" branch="False" />
                <line number="84" hits="1" branch="False" />
                <line number="85" hits="1" branch="False" />
                <line number="87" hits="3" branch="False" />
              </lines>
            </method>
          </methods>
          <lines>
            <line number="72" hits="3" branch="False" />
            <line number="74" hits="3" branch="False" />
            <line number="75" hits="3" branch="False" />
            <line number="76" hits="1" branch="False" />
            <line number="79" hits="1" branch="False" />
            <line number="80" hits="1" branch="False" />
            <line number="81" hits="1" branch="False" />
            <line number="83" hits="1" branch="False" />
            <line number="84" hits="1" branch="False" />
            <line number="85" hits="1" branch="False" />
            <line number="87" hits="3" branch="False" />
          </lines>
        </class>
        <class name="BankingApplication.Context.BankingContext" filename="source\PulledFiles\Celsior-training\BankingApplicationSolution\BankingApplication\Context\BankingContext.cs" line-rate="1" branch-rate="1" complexity="3">
          <methods>
            <method name="get_Employees" signature="()" line-rate="1" branch-rate="1" complexity="1">
              <lines>
                <line number="14" hits="36" branch="False" />
              </lines>
            </method>
            <method name="get_Customers" signature="()" line-rate="1" branch-rate="1" complexity="1">
              <lines>
                <line number="16" hits="45" branch="False" />
              </lines>
            </method>
            <method name=".ctor" signature="(Microsoft.EntityFrameworkCore.DbContextOptions`1&lt;BankingApplication.Context.BankingContext&gt;)" line-rate="1" branch-rate="1" complexity="1">
              <lines>
                <line number="8" hits="66" branch="False" />
              </lines>
            </method>
          </methods>
          <lines>
            <line number="14" hits="36" branch="False" />
            <line number="16" hits="45" branch="False" />
            <line number="8" hits="66" branch="False" />
          </lines>
        </class>
      </classes>
    </package>
    <package name="BankingApplicationUnitTesting" line-rate="0.9914000000000001" branch-rate="1" complexity="56">
      <classes>
        <class name="AutoGeneratedProgram" filename=".nuget\packages\microsoft.net.test.sdk\17.5.0\build\netcoreapp3.1\Microsoft.NET.Test.Sdk.Program.cs" line-rate="0" branch-rate="1" complexity="1">
          <methods>
            <method name="Main" signature="(System.String[])" line-rate="0" branch-rate="1" complexity="1">
              <lines>
                <line number="4" hits="0" branch="False" />
              </lines>
            </method>
          </methods>
          <lines>
            <line number="4" hits="0" branch="False" />
          </lines>
        </class>
        <class name="BankingApplicationUnitTesting.CustomerControllerTest" filename="source\PulledFiles\Celsior-training\BankingApplicationSolution\BankingApplicationUnitTesting\CustomerControllerTest.cs" line-rate="1" branch-rate="1" complexity="1">
          <methods>
            <method name="Setup" signature="()" line-rate="1" branch-rate="1" complexity="1">
              <lines>
                <line number="33" hits="16" branch="False" />
                <line number="34" hits="16" branch="False" />
                <line number="35" hits="16" branch="False" />
                <line number="36" hits="16" branch="False" />
              </lines>
            </method>
          </methods>
          <lines>
            <line number="33" hits="16" branch="False" />
            <line number="34" hits="16" branch="False" />
            <line number="35" hits="16" branch="False" />
            <line number="36" hits="16" branch="False" />
          </lines>
        </class>
        <class name="BankingApplicationUnitTesting.CustomerControllerTest/&lt;CreateCustomer_BadRequest_400_Test&gt;d__18" filename="source\PulledFiles\Celsior-training\BankingApplicationSolution\BankingApplicationUnitTesting\CustomerControllerTest.cs" line-rate="1" branch-rate="1" complexity="1">
          <methods>
            <method name="MoveNext" signature="()" line-rate="1" branch-rate="1" complexity="1">
              <lines>
                <line number="291" hits="1" branch="False" />
                <line number="292" hits="1" branch="False" />
                <line number="294" hits="1" branch="False" />
                <line number="295" hits="1" branch="False" />
                <line number="296" hits="1" branch="False" />
                <line number="297" hits="1" branch="False" />
                <line number="298" hits="1" branch="False" />
                <line number="299" hits="1" branch="False" />
              </lines>
            </method>
          </methods>
          <lines>
            <line number="291" hits="1" branch="False" />
            <line number="292" hits="1" branch="False" />
            <line number="294" hits="1" branch="False" />
            <line number="295" hits="1" branch="False" />
            <line number="296" hits="1" branch="False" />
            <line number="297" hits="1" branch="False" />
            <line number="298" hits="1" branch="False" />
            <line number="299" hits="1" branch="False" />
          </lines>
        </class>
        <class name="BankingApplicationUnitTesting.CustomerControllerTest/&lt;CreateCustomer_BlankField_BadRequest_400_Test&gt;d__20" filename="source\PulledFiles\Celsior-training\BankingApplicationSolution\BankingApplicationUnitTesting\CustomerControllerTest.cs" line-rate="1" branch-rate="1" complexity="1">
          <methods>
            <method name="MoveNext" signature="()" line-rate="1" branch-rate="1" complexity="1">
              <lines>
                <line number="315" hits="1" branch="False" />
                <line number="316" hits="1" branch="False" />
                <line number="318" hits="1" branch="False" />
                <line number="319" hits="1" branch="False" />
                <line number="320" hits="1" branch="False" />
                <line number="321" hits="1" branch="False" />
                <line number="322" hits="1" branch="False" />
                <line number="323" hits="1" branch="False" />
              </lines>
            </method>
          </methods>
          <lines>
            <line number="315" hits="1" branch="False" />
            <line number="316" hits="1" branch="False" />
            <line number="318" hits="1" branch="False" />
            <line number="319" hits="1" branch="False" />
            <line number="320" hits="1" branch="False" />
            <line number="321" hits="1" branch="False" />
            <line number="322" hits="1" branch="False" />
            <line number="323" hits="1" branch="False" />
          </lines>
        </class>
        <class name="BankingApplicationUnitTesting.CustomerControllerTest/&lt;CreateCustomer_InternalServerError_500_Test&gt;d__19" filename="source\PulledFiles\Celsior-training\BankingApplicationSolution\BankingApplicationUnitTesting\CustomerControllerTest.cs" line-rate="1" branch-rate="1" complexity="1">
          <methods>
            <method name="MoveNext" signature="()" line-rate="1" branch-rate="1" complexity="1">
              <lines>
                <line number="303" hits="1" branch="False" />
                <line number="304" hits="1" branch="False" />
                <line number="306" hits="1" branch="False" />
                <line number="307" hits="1" branch="False" />
                <line number="308" hits="1" branch="False" />
                <line number="309" hits="1" branch="False" />
                <line number="310" hits="1" branch="False" />
                <line number="311" hits="1" branch="False" />
              </lines>
            </method>
          </methods>
          <lines>
            <line number="303" hits="1" branch="False" />
            <line number="304" hits="1" branch="False" />
            <line number="306" hits="1" branch="False" />
            <line number="307" hits="1" branch="False" />
            <line number="308" hits="1" branch="False" />
            <line number="309" hits="1" branch="False" />
            <line number="310" hits="1" branch="False" />
            <line number="311" hits="1" branch="False" />
          </lines>
        </class>
        <class name="BankingApplicationUnitTesting.CustomerControllerTest/&lt;CreateCustomer_Success_200_Test&gt;d__17" filename="source\PulledFiles\Celsior-training\BankingApplicationSolution\BankingApplicationUnitTesting\CustomerControllerTest.cs" line-rate="1" branch-rate="1" complexity="1">
          <methods>
            <method name="MoveNext" signature="()" line-rate="1" branch-rate="1" complexity="1">
              <lines>
                <line number="278" hits="1" branch="False" />
                <line number="279" hits="1" branch="False" />
                <line number="280" hits="1" branch="False" />
                <line number="282" hits="1" branch="False" />
                <line number="283" hits="1" branch="False" />
                <line number="284" hits="1" branch="False" />
                <line number="285" hits="1" branch="False" />
                <line number="286" hits="1" branch="False" />
                <line number="287" hits="1" branch="False" />
              </lines>
            </method>
          </methods>
          <lines>
            <line number="278" hits="1" branch="False" />
            <line number="279" hits="1" branch="False" />
            <line number="280" hits="1" branch="False" />
            <line number="282" hits="1" branch="False" />
            <line number="283" hits="1" branch="False" />
            <line number="284" hits="1" branch="False" />
            <line number="285" hits="1" branch="False" />
            <line number="286" hits="1" branch="False" />
            <line number="287" hits="1" branch="False" />
          </lines>
        </class>
        <class name="BankingApplicationUnitTesting.CustomerControllerTest/&lt;Delete_BadRequest_400_Test&gt;d__12" filename="source\PulledFiles\Celsior-training\BankingApplicationSolution\BankingApplicationUnitTesting\CustomerControllerTest.cs" line-rate="1" branch-rate="1" complexity="1">
          <methods>
            <method name="MoveNext" signature="()" line-rate="1" branch-rate="1" complexity="1">
              <lines>
                <line number="172" hits="1" branch="False" />
                <line number="173" hits="1" branch="False" />
                <line number="174" hits="1" branch="False" />
                <line number="175" hits="1" branch="False" />
                <line number="177" hits="1" branch="False" />
                <line number="179" hits="1" branch="False" />
                <line number="180" hits="1" branch="False" />
                <line number="181" hits="1" branch="False" />
                <line number="182" hits="1" branch="False" />
                <line number="183" hits="1" branch="False" />
              </lines>
            </method>
          </methods>
          <lines>
            <line number="172" hits="1" branch="False" />
            <line number="173" hits="1" branch="False" />
            <line number="174" hits="1" branch="False" />
            <line number="175" hits="1" branch="False" />
            <line number="177" hits="1" branch="False" />
            <line number="179" hits="1" branch="False" />
            <line number="180" hits="1" branch="False" />
            <line number="181" hits="1" branch="False" />
            <line number="182" hits="1" branch="False" />
            <line number="183" hits="1" branch="False" />
          </lines>
        </class>
        <class name="BankingApplicationUnitTesting.CustomerControllerTest/&lt;Delete_InternalServerError_500_Test&gt;d__13" filename="source\PulledFiles\Celsior-training\BankingApplicationSolution\BankingApplicationUnitTesting\CustomerControllerTest.cs" line-rate="1" branch-rate="1" complexity="1">
          <methods>
            <method name="MoveNext" signature="()" line-rate="1" branch-rate="1" complexity="1">
              <lines>
                <line number="187" hits="1" branch="False" />
                <line number="188" hits="1" branch="False" />
                <line number="189" hits="1" branch="False" />
                <line number="190" hits="1" branch="False" />
                <line number="192" hits="1" branch="False" />
                <line number="194" hits="1" branch="False" />
                <line number="195" hits="1" branch="False" />
                <line number="196" hits="1" branch="False" />
                <line number="197" hits="1" branch="False" />
                <line number="198" hits="1" branch="False" />
              </lines>
            </method>
          </methods>
          <lines>
            <line number="187" hits="1" branch="False" />
            <line number="188" hits="1" branch="False" />
            <line number="189" hits="1" branch="False" />
            <line number="190" hits="1" branch="False" />
            <line number="192" hits="1" branch="False" />
            <line number="194" hits="1" branch="False" />
            <line number="195" hits="1" branch="False" />
            <line number="196" hits="1" branch="False" />
            <line number="197" hits="1" branch="False" />
            <line number="198" hits="1" branch="False" />
          </lines>
        </class>
        <class name="BankingApplicationUnitTesting.CustomerControllerTest/&lt;Delete_Success_200_Test&gt;d__11" filename="source\PulledFiles\Celsior-training\BankingApplicationSolution\BankingApplicationUnitTesting\CustomerControllerTest.cs" line-rate="1" branch-rate="1" complexity="1">
          <methods>
            <method name="MoveNext" signature="()" line-rate="1" branch-rate="1" complexity="1">
              <lines>
                <line number="156" hits="1" branch="False" />
                <line number="157" hits="1" branch="False" />
                <line number="158" hits="1" branch="False" />
                <line number="159" hits="1" branch="False" />
                <line number="161" hits="1" branch="False" />
                <line number="163" hits="1" branch="False" />
                <line number="164" hits="1" branch="False" />
                <line number="165" hits="1" branch="False" />
                <line number="166" hits="1" branch="False" />
                <line number="168" hits="1" branch="False" />
              </lines>
            </method>
          </methods>
          <lines>
            <line number="156" hits="1" branch="False" />
            <line number="157" hits="1" branch="False" />
            <line number="158" hits="1" branch="False" />
            <line number="159" hits="1" branch="False" />
            <line number="161" hits="1" branch="False" />
            <line number="163" hits="1" branch="False" />
            <line number="164" hits="1" branch="False" />
            <line number="165" hits="1" branch="False" />
            <line number="166" hits="1" branch="False" />
            <line number="168" hits="1" branch="False" />
          </lines>
        </class>
        <class name="BankingApplicationUnitTesting.CustomerControllerTest/&lt;GetAllCustomer_EmptyCollectionException_Test&gt;d__9" filename="source\PulledFiles\Celsior-training\BankingApplicationSolution\BankingApplicationUnitTesting\CustomerControllerTest.cs" line-rate="1" branch-rate="1" complexity="1">
          <methods>
            <method name="MoveNext" signature="()" line-rate="1" branch-rate="1" complexity="1">
              <lines>
                <line number="124" hits="1" branch="False" />
                <line number="125" hits="1" branch="False" />
                <line number="126" hits="1" branch="False" />
                <line number="127" hits="1" branch="False" />
                <line number="129" hits="1" branch="False" />
                <line number="131" hits="1" branch="False" />
                <line number="132" hits="1" branch="False" />
                <line number="133" hits="1" branch="False" />
                <line number="134" hits="1" branch="False" />
                <line number="136" hits="1" branch="False" />
              </lines>
            </method>
          </methods>
          <lines>
            <line number="124" hits="1" branch="False" />
            <line number="125" hits="1" branch="False" />
            <line number="126" hits="1" branch="False" />
            <line number="127" hits="1" branch="False" />
            <line number="129" hits="1" branch="False" />
            <line number="131" hits="1" branch="False" />
            <line number="132" hits="1" branch="False" />
            <line number="133" hits="1" branch="False" />
            <line number="134" hits="1" branch="False" />
            <line number="136" hits="1" branch="False" />
          </lines>
        </class>
        <class name="BankingApplicationUnitTesting.CustomerControllerTest/&lt;GetAllCustomer_InternalServerError_500_Test&gt;d__10" filename="source\PulledFiles\Celsior-training\BankingApplicationSolution\BankingApplicationUnitTesting\CustomerControllerTest.cs" line-rate="1" branch-rate="1" complexity="1">
          <methods>
            <method name="MoveNext" signature="()" line-rate="1" branch-rate="1" complexity="1">
              <lines>
                <line number="140" hits="1" branch="False" />
                <line number="141" hits="1" branch="False" />
                <line number="142" hits="1" branch="False" />
                <line number="143" hits="1" branch="False" />
                <line number="145" hits="1" branch="False" />
                <line number="147" hits="1" branch="False" />
                <line number="148" hits="1" branch="False" />
                <line number="149" hits="1" branch="False" />
                <line number="150" hits="1" branch="False" />
                <line number="152" hits="1" branch="False" />
              </lines>
            </method>
          </methods>
          <lines>
            <line number="140" hits="1" branch="False" />
            <line number="141" hits="1" branch="False" />
            <line number="142" hits="1" branch="False" />
            <line number="143" hits="1" branch="False" />
            <line number="145" hits="1" branch="False" />
            <line number="147" hits="1" branch="False" />
            <line number="148" hits="1" branch="False" />
            <line number="149" hits="1" branch="False" />
            <line number="150" hits="1" branch="False" />
            <line number="152" hits="1" branch="False" />
          </lines>
        </class>
        <class name="BankingApplicationUnitTesting.CustomerControllerTest/&lt;GetAllCustomer_Success_200_Test&gt;d__8" filename="source\PulledFiles\Celsior-training\BankingApplicationSolution\BankingApplicationUnitTesting\CustomerControllerTest.cs" line-rate="1" branch-rate="1" complexity="1">
          <methods>
            <method name="MoveNext" signature="()" line-rate="1" branch-rate="1" complexity="1">
              <lines>
                <line number="95" hits="1" branch="False" />
                <line number="96" hits="1" branch="False" />
                <line number="97" hits="1" branch="False" />
                <line number="98" hits="1" branch="False" />
                <line number="99" hits="1" branch="False" />
                <line number="100" hits="1" branch="False" />
[...]
            <line number="111" hits="1" branch="False" />
            <line number="112" hits="1" branch="False" />
            <line number="113" hits="1" branch="False" />
            <line number="114" hits="1" branch="False" />
            <line number="116" hits="1" branch="False" />
            <line number="118" hits="1" branch="False" />
            <line number="120" hits="1" branch="False" />
            <line number="121" hits="1" branch="False" />
            <line number="122" hits="1" branch="False" />
          </lines>
        </class>
        <class name="BankingApplicationUnitTesting.CustomerServiceTest/&lt;Update_Success_Test&gt;d__10" filename="source\PulledFiles\Celsior-training\BankingApplicationSolution\BankingApplicationUnitTesting\CustomerServiceTest.cs" line-rate="1" branch-rate="1" complexity="1">
          <methods>
            <method name="MoveNext" signature="()" line-rate="1" branch-rate="1" complexity="1">
              <lines>
                <line number="198" hits="1" branch="False" />
                <line number="199" hits="1" branch="False" />
                <line number="200" hits="1" branch="False" />
                <line number="201" hits="1" branch="False" />
                <line number="202" hits="1" branch="False" />
                <line number="203" hits="1" branch="False" />
                <line number="204" hits="1" branch="False" />
                <line number="205" hits="1" branch="False" />
                <line number="206" hits="1" branch="False" />
                <line number="207" hits="1" branch="False" />
                <line number="208" hits="1" branch="False" />
                <line number="209" hits="1" branch="False" />
                <line number="210" hits="1" branch="False" />
                <line number="213" hits="1" branch="False" />
                <line number="214" hits="1" branch="False" />
                <line number="215" hits="1" branch="False" />
                <line number="216" hits="1" branch="False" />
                <line number="217" hits="1" branch="False" />
                <line number="218" hits="1" branch="False" />
                <line number="219" hits="1" branch="False" />
                <line number="220" hits="1" branch="False" />
                <line number="221" hits="1" branch="False" />
                <line number="222" hits="1" branch="False" />
                <line number="223" hits="1" branch="False" />
                <line number="224" hits="1" branch="False" />
                <line number="226" hits="1" branch="False" />
                <line number="227" hits="1" branch="False" />
                <line number="228" hits="1" branch="False" />
                <line number="229" hits="1" branch="False" />
                <line number="231" hits="1" branch="False" />
                <line number="232" hits="1" branch="False" />
                <line number="233" hits="1" branch="False" />
                <line number="234" hits="1" branch="False" />
              </lines>
            </method>
          </methods>
          <lines>
            <line number="198" hits="1" branch="False" />
            <line number="199" hits="1" branch="False" />
            <line number="200" hits="1" branch="False" />
            <line number="201" hits="1" branch="False" />
            <line number="202" hits="1" branch="False" />
            <line number="203" hits="1" branch="False" />
            <line number="204" hits="1" branch="False" />
            <line number="205" hits="1" branch="False" />
            <line number="206" hits="1" branch="False" />
            <line number="207" hits="1" branch="False" />
            <line number="208" hits="1" branch="False" />
            <line number="209" hits="1" branch="False" />
            <line number="210" hits="1" branch="False" />
            <line number="213" hits="1" branch="False" />
            <line number="214" hits="1" branch="False" />
            <line number="215" hits="1" branch="False" />
            <line number="216" hits="1" branch="False" />
            <line number="217" hits="1" branch="False" />
            <line number="218" hits="1" branch="False" />
            <line number="219" hits="1" branch="False" />
            <line number="220" hits="1" branch="False" />
            <line number="221" hits="1" branch="False" />
            <line number="222" hits="1" branch="False" />
            <line number="223" hits="1" branch="False" />
            <line number="224" hits="1" branch="False" />
            <line number="226" hits="1" branch="False" />
            <line number="227" hits="1" branch="False" />
            <line number="228" hits="1" branch="False" />
            <line number="229" hits="1" branch="False" />
            <line number="231" hits="1" branch="False" />
            <line number="232" hits="1" branch="False" />
            <line number="233" hits="1" branch="False" />
            <line number="234" hits="1" branch="False" />
          </lines>
        </class>
        <class name="BankingApplicationUnitTesting.EmployeeRepositoryTest" filename="source\PulledFiles\Celsior-training\BankingApplicationSolution\BankingApplicationUnitTesting\EmployeeRepositoryTest.cs" line-rate="1" branch-rate="1" complexity="1">
          <methods>
            <method name="Setup" signature="()" line-rate="1" branch-rate="1" complexity="1">
              <lines>
                <line number="25" hits="6" branch="False" />
                <line number="26" hits="6" branch="False" />
                <line number="27" hits="6" branch="False" />
                <line number="28" hits="6" branch="False" />
                <line number="29" hits="6" branch="False" />
                <line number="30" hits="6" branch="False" />
                <line number="32" hits="6" branch="False" />
              </lines>
            </method>
          </methods>
          <lines>
            <line number="25" hits="6" branch="False" />
            <line number="26" hits="6" branch="False" />
            <line number="27" hits="6" branch="False" />
            <line number="28" hits="6" branch="False" />
            <line number="29" hits="6" branch="False" />
            <line number="30" hits="6" branch="False" />
            <line number="32" hits="6" branch="False" />
          </lines>
        </class>
        <class name="BankingApplicationUnitTesting.EmployeeRepositoryTest/&lt;&gt;c__DisplayClass5_0/&lt;&lt;EmployeeAddFailed_CouldNotAddException_Test&gt;b__0&gt;d" filename="source\PulledFiles\Celsior-training\BankingApplicationSolution\BankingApplicationUnitTesting\EmployeeRepositoryTest.cs" line-rate="1" branch-rate="1" complexity="1">
          <methods>
            <method name="MoveNext" signature="()" line-rate="1" branch-rate="1" complexity="1">
              <lines>
                <line number="66" hits="2" branch="False" />
              </lines>
            </method>
          </methods>
          <lines>
            <line number="66" hits="2" branch="False" />
          </lines>
        </class>
        <class name="BankingApplicationUnitTesting.EmployeeRepositoryTest/&lt;&gt;c__DisplayClass8_0/&lt;&lt;GetAll_EmptyCollectionException&gt;b__0&gt;d" filename="source\PulledFiles\Celsior-training\BankingApplicationSolution\BankingApplicationUnitTesting\EmployeeRepositoryTest.cs" line-rate="1" branch-rate="1" complexity="1">
          <methods>
            <method name="MoveNext" signature="()" line-rate="1" branch-rate="1" complexity="1">
              <lines>
                <line number="120" hits="2" branch="False" />
              </lines>
            </method>
          </methods>
          <lines>
            <line number="120" hits="2" branch="False" />
          </lines>
        </class>
        <class name="BankingApplicationUnitTesting.EmployeeRepositoryTest/&lt;Delete_Succss_Test&gt;d__9" filename="source\PulledFiles\Celsior-training\BankingApplicationSolution\BankingApplicationUnitTesting\EmployeeRepositoryTest.cs" line-rate="1" branch-rate="1" complexity="1">
          <methods>
            <method name="MoveNext" signature="()" line-rate="1" branch-rate="1" complexity="1">
              <lines>
                <line number="129" hits="1" branch="False" />
                <line number="130" hits="1" branch="False" />
                <line number="131" hits="1" branch="False" />
                <line number="132" hits="1" branch="False" />
                <line number="133" hits="1" branch="False" />
                <line number="134" hits="1" branch="False" />
                <line number="135" hits="1" branch="False" />
                <line number="136" hits="1" branch="False" />
                <line number="138" hits="1" branch="False" />
                <line number="139" hits="1" branch="False" />
                <line number="140" hits="1" branch="False" />
                <line number="142" hits="1" branch="False" />
              </lines>
            </method>
          </methods>
          <lines>
            <line number="129" hits="1" branch="False" />
            <line number="130" hits="1" branch="False" />
            <line number="131" hits="1" branch="False" />
            <line number="132" hits="1" branch="False" />
            <line number="133" hits="1" branch="False" />
            <line number="134" hits="1" branch="False" />
            <line number="135" hits="1" branch="False" />
            <line number="136" hits="1" branch="False" />
            <line number="138" hits="1" branch="False" />
            <line number="139" hits="1" branch="False" />
            <line number="140" hits="1" branch="False" />
            <line number="142" hits="1" branch="False" />
          </lines>
        </class>
        <class name="BankingApplicationUnitTesting.EmployeeRepositoryTest/&lt;EmployeeAddFailed_CouldNotAddException_Test&gt;d__5" filename="source\PulledFiles\Celsior-training\BankingApplicationSolution\BankingApplicationUnitTesting\EmployeeRepositoryTest.cs" line-rate="1" branch-rate="1" complexity="1">
          <methods>
            <method name="MoveNext" signature="()" line-rate="1" branch-rate="1" complexity="1">
              <lines>
                <line number="56" hits="1" branch="False" />
                <line number="57" hits="1" branch="False" />
                <line number="58" hits="1" branch="False" />
                <line number="59" hits="1" branch="False" />
                <line number="60" hits="1" branch="False" />
                <line number="61" hits="1" branch="False" />
                <line number="62" hits="1" branch="False" />
                <line number="63" hits="1" branch="False" />
                <line number="65" hits="1" branch="False" />
                <line number="67" hits="1" branch="False" />
                <line number="68" hits="1" branch="False" />
                <line number="70" hits="1" branch="False" />
              </lines>
            </method>
          </methods>
          <lines>
            <line number="56" hits="1" branch="False" />
            <line number="57" hits="1" branch="False" />
            <line number="58" hits="1" branch="False" />
            <line number="59" hits="1" branch="False" />
            <line number="60" hits="1" branch="False" />
            <line number="61" hits="1" branch="False" />
            <line number="62" hits="1" branch="False" />
            <line number="63" hits="1" branch="False" />
            <line number="65" hits="1" branch="False" />
            <line number="67" hits="1" branch="False" />
            <line number="68" hits="1" branch="False" />
            <line number="70" hits="1" branch="False" />
          </lines>
        </class>
        <class name="BankingApplicationUnitTesting.EmployeeRepositoryTest/&lt;EmployeeAdd_Succcss_Test&gt;d__4" filename="source\PulledFiles\Celsior-training\BankingApplicationSolution\BankingApplicationUnitTesting\EmployeeRepositoryTest.cs" line-rate="1" branch-rate="1" complexity="1">
          <methods>
            <method name="MoveNext" signature="()" line-rate="1" branch-rate="1" complexity="1">
              <lines>
                <line number="37" hits="1" branch="False" />
                <line number="38" hits="1" branch="False" />
                <line number="39" hits="1" branch="False" />
                <line number="40" hits="1" branch="False" />
                <line number="41" hits="1" branch="False" />
                <line number="42" hits="1" branch="False" />
                <line number="43" hits="1" branch="False" />
                <line number="44" hits="1" branch="False" />
                <line number="45" hits="1" branch="False" />
                <line number="46" hits="1" branch="False" />
                <line number="48" hits="1" branch="False" />
                <line number="49" hits="1" branch="False" />
                <line number="50" hits="1" branch="False" />
                <line number="51" hits="1" branch="False" />
              </lines>
            </method>
          </methods>
          <lines>
            <line number="37" hits="1" branch="False" />
            <line number="38" hits="1" branch="False" />
            <line number="39" hits="1" branch="False" />
            <line number="40" hits="1" branch="False" />
            <line number="41" hits="1" branch="False" />
            <line number="42" hits="1" branch="False" />
            <line number="43" hits="1" branch="False" />
            <line number="44" hits="1" branch="False" />
            <line number="45" hits="1" branch="False" />
            <line number="46" hits="1" branch="False" />
            <line number="48" hits="1" branch="False" />
            <line number="49" hits="1" branch="False" />
            <line number="50" hits="1" branch="False" />
            <line number="51" hits="1" branch="False" />
          </lines>
        </class>
        <class name="BankingApplicationUnitTesting.EmployeeRepositoryTest/&lt;GetAllEmployee_Success_test&gt;d__7" filename="source\PulledFiles\Celsior-training\BankingApplicationSolution\BankingApplicationUnitTesting\EmployeeRepositoryTest.cs" line-rate="1" branch-rate="1" complexity="1">
          <methods>
            <method name="MoveNext" signature="()" line-rate="1" branch-rate="1" complexity="1">
              <lines>
                <line number="93" hits="1" branch="False" />
                <line number="95" hits="1" branch="False" />
                <line number="96" hits="1" branch="False" />
                <line number="97" hits="1" branch="False" />
                <line number="98" hits="1" branch="False" />
                <line number="99" hits="1" branch="False" />
                <line number="100" hits="1" branch="False" />
                <line number="101" hits="1" branch="False" />
                <line number="103" hits="1" branch="False" />
                <line number="104" hits="1" branch="False" />
                <line number="105" hits="1" branch="False" />
                <line number="106" hits="1" branch="False" />
              </lines>
            </method>
          </methods>
          <lines>
            <line number="93" hits="1" branch="False" />
            <line number="95" hits="1" branch="False" />
            <line number="96" hits="1" branch="False" />
            <line number="97" hits="1" branch="False" />
            <line number="98" hits="1" branch="False" />
            <line number="99" hits="1" branch="False" />
            <line number="100" hits="1" branch="False" />
            <line number="101" hits="1" branch="False" />
            <line number="103" hits="1" branch="False" />
            <line number="104" hits="1" branch="False" />
            <line number="105" hits="1" branch="False" />
            <line number="106" hits="1" branch="False" />
          </lines>
        </class>
        <class name="BankingApplicationUnitTesting.EmployeeRepositoryTest/&lt;GetAll_EmptyCollectionException&gt;d__8" filename="source\PulledFiles\Celsior-training\BankingApplicationSolution\BankingApplicationUnitTesting\EmployeeRepositoryTest.cs" line-rate="0.909" branch-rate="1" complexity="1">
          <methods>
            <method name="MoveNext" signature="()" line-rate="0.909" branch-rate="1" complexity="1">
              <lines>
                <line number="111" hits="1" branch="False" />
                <line number="112" hits="1" branch="False" />
                <line number="113" hits="1" branch="False" />
                <line number="114" hits="1" branch="False" />
                <line number="115" hits="1" branch="False" />
                <line number="116" hits="1" branch="False" />
                <line number="117" hits="1" branch="False" />
                <line number="119" hits="1" branch="False" />
                <line number="121" hits="1" branch="False" />
                <line number="122" hits="1" branch="False" />
                <line number="123" hits="0" branch="False" />
              </lines>
            </method>
          </methods>
          <lines>
            <line number="111" hits="1" branch="False" />
            <line number="112" hits="1" branch="False" />
            <line number="113" hits="1" branch="False" />
            <line number="114" hits="1" branch="False" />
            <line number="115" hits="1" branch="False" />
            <line number="116" hits="1" branch="False" />
            <line number="117" hits="1" branch="False" />
            <line number="119" hits="1" branch="False" />
            <line number="121" hits="1" branch="False" />
            <line number="122" hits="1" branch="False" />
            <line number="123" hits="0" branch="False" />
          </lines>
        </class>
        <class name="BankingApplicationUnitTesting.EmployeeRepositoryTest/&lt;Get_Succss_test&gt;d__6" filename="source\PulledFiles\Celsior-training\BankingApplicationSolution\BankingApplicationUnitTesting\EmployeeRepositoryTest.cs" line-rate="1" branch-rate="1" complexity="1">
          <methods>
            <method name="MoveNext" signature="()" line-rate="1" branch-rate="1" complexity="1">
              <lines>
                <line number="75" hits="1" branch="False" />
                <line number="76" hits="1" branch="False" />
                <line number="77" hits="1" branch="False" />
                <line number="78" hits="1" branch="False" />
                <line number="79" hits="1" branch="False" />
                <line number="80" hits="1" branch="False" />
                <line number="81" hits="1" branch="False" />
                <line number="82" hits="1" branch="False" />
                <line number="84" hits="1" branch="False" />
                <line number="85" hits="1" branch="False" />
                <line number="86" hits="1" branch="False" />
                <line number="87" hits="1" branch="False" />
                <line number="88" hits="1" branch="False" />
              </lines>
            </method>
          </methods>
          <lines>
            <line number="75" hits="1" branch="False" />
            <line number="76" hits="1" branch="False" />
            <line number="77" hits="1" branch="False" />
            <line number="78" hits="1" branch="False" />
            <line number="79" hits="1" branch="False" />
            <line number="80" hits="1" branch="False" />
            <line number="81" hits="1" branch="False" />
            <line number="82" hits="1" branch="False" />
            <line number="84" hits="1" branch="False" />
            <line number="85" hits="1" branch="False" />
            <line number="86" hits="1" branch="False" />
            <line number="87" hits="1" branch="False" />
            <line number="88" hits="1" branch="False" />
          </lines>
        </class>
      </classes>
    </package>
  </packages>
</coverage>