<?xml version="1.0" encoding="utf-8"?>
<!DOCTYPE coverage SYSTEM "http://cobertura.sourceforge.net/xml/coverage-04.dtd">
<coverage line-rate="0.952380952380952" branch-rate="0.875" lines-covered="960" lines-valid="1008" branches-covered="28" branches-valid="32" complexity="130" version="0" timestamp="1739765343">
  <sources>
    <source>C:\Users\om.singh\</source>
  </sources>
  <packages>
    <package name="BankingApplication" line-rate="0.861842105263158" branch-rate="0.875" complexity="76">
      <classes>
        <class name="BankingApplication.Context.BankingContext" filename="C:\Users\om.singh\source\PulledFiles\Celsior-training\BankingApplicationSolution\BankingApplication\Context\BankingContext.cs" line-rate="1" branch-rate="1" complexity="3">
          <methods>
            <method name="get_Employees" signature="()" line-rate="1" branch-rate="1" complexity="1">
              <lines>
                <line number="14" hits="36" branch="false" />
              </lines>
            </method>
            <method name="get_Customers" signature="()" line-rate="1" branch-rate="1" complexity="1">
              <lines>
                <line number="16" hits="45" branch="false" />
              </lines>
            </method>
            <method name=".ctor" signature="(...)" line-rate="1" branch-rate="1" complexity="1">
              <lines>
                <line number="8" hits="66" branch="false" />
              </lines>
            </method>
          </methods>
          <lines>
            <line number="8" hits="66" branch="false" />
            <line number="14" hits="36" branch="false" />
            <line number="16" hits="45" branch="false" />
          </lines>
        </class>
        <class name="BankingApplication.Controllers.CustomerController" filename="C:\Users\om.singh\source\PulledFiles\Celsior-training\BankingApplicationSolution\BankingApplication\Controllers\CustomerController.cs" line-rate="1" branch-rate="1" complexity="7">
          <methods>
            <method name=".ctor" signature="(...)" line-rate="1" branch-rate="1" complexity="1">
              <lines>
                <line number="15" hits="16" branch="false" />
                <line number="16" hits="16" branch="false" />
                <line number="17" hits="16" branch="false" />
                <line number="19" hits="16" branch="false" />
              </lines>
            </method>
            <method name="CreateCustomer" signature="()" line-rate="1" branch-rate="1" complexity="2">
              <lines>
                <line number="91" hits="4" branch="false" />
                <line number="93" hits="4" branch="false" />
                <line number="94" hits="4" branch="true" condition-coverage="100% (2/2)" />
                <line number="95" hits="3" branch="false" />
                <line number="96" hits="3" branch="false" />
                <line number="97" hits="1" branch="false" />
                <line number="99" hits="1" branch="false" />
                <line number="102" hits="1" branch="false" />
                <line number="103" hits="1" branch="false" />
                <line number="104" hits="1" branch="false" />
                <line number="106" hits="1" branch="false" />
                <line number="107" hits="1" branch="false" />
                <line number="108" hits="1" branch="false" />
                <line number="110" hits="4" branch="false" />
              </lines>
            </method>
            <method name="DeleteCustomer" signature="()" line-rate="1" branch-rate="1" complexity="1">
              <lines>
                <line number="114" hits="3" branch="false" />
                <line number="116" hits="3" branch="false" />
                <line number="117" hits="3" branch="false" />
                <line number="118" hits="1" branch="false" />
                <line number="121" hits="1" branch="false" />
                <line number="122" hits="1" branch="false" />
                <line number="123" hits="1" branch="false" />
                <line number="125" hits="1" branch="false" />
                <line number="126" hits="1" branch="false" />
                <line number="127" hits="1" branch="false" />
                <line number="129" hits="3" branch="false" />
              </lines>
            </method>
            <method name="GetAllCustomer" signature="()" line-rate="1" branch-rate="1" complexity="1">
              <lines>
                <line number="23" hits="3" branch="false" />
                <line number="25" hits="3" branch="false" />
                <line number="26" hits="3" branch="false" />
                <line number="27" hits="1" branch="false" />
                <line number="30" hits="1" branch="false" />
                <line number="31" hits="1" branch="false" />
                <line number="32" hits="1" branch="false" />
                <line number="35" hits="1" branch="false" />
                <line number="36" hits="1" branch="false" />
                <line number="37" hits="1" branch="false" />
                <line number="42" hits="3" branch="false" />
              </lines>
            </method>
            <method name="GetCustomerById" signature="()" line-rate="1" branch-rate="1" complexity="1">
              <lines>
                <line number="47" hits="3" branch="false" />
                <line number="49" hits="3" branch="false" />
                <line number="50" hits="3" branch="false" />
                <line number="51" hits="1" branch="false" />
                <line number="54" hits="1" branch="false" />
                <line number="55" hits="1" branch="false" />
                <line number="57" hits="1" branch="false" />
                <line number="59" hits="1" branch="false" />
                <line number="60" hits="1" branch="false" />
                <line number="61" hits="1" branch="false" />
                <line number="62" hits="1" branch="false" />
                <line number="68" hits="3" branch="false" />
              </lines>
            </method>
            <method name="UpdateCustomer" signature="()" line-rate="1" branch-rate="1" complexity="1">
              <lines>
                <line number="72" hits="3" branch="false" />
                <line number="74" hits="3" branch="false" />
                <line number="75" hits="3" branch="false" />
                <line number="76" hits="1" branch="false" />
                <line number="79" hits="1" branch="false" />
                <line number="80" hits="1" branch="false" />
                <line number="81" hits="1" branch="false" />
                <line number="83" hits="1" branch="false" />
                <line number="84" hits="1" branch="false" />
                <line number="85" hits="1" branch="false" />
                <line number="87" hits="3" branch="false" />
              </lines>
            </method>
          </methods>
          <lines>
            <line number="15" hits="16" branch="false" />
            <line number="16" hits="16" branch="false" />
            <line number="17" hits="16" branch="false" />
            <line number="19" hits="16" branch="false" />
            <line number="23" hits="3" branch="false" />
            <line number="25" hits="3" branch="false" />
            <line number="26" hits="3" branch="false" />
            <line number="27" hits="1" branch="false" />
            <line number="30" hits="1" branch="false" />
            <line number="31" hits="1" branch="false" />
            <line number="32" hits="1" branch="false" />
            <line number="35" hits="1" branch="false" />
            <line number="36" hits="1" branch="false" />
            <line number="37" hits="1" branch="false" />
            <line number="42" hits="3" branch="false" />
            <line number="47" hits="3" branch="false" />
            <line number="49" hits="3" branch="false" />
            <line number="50" hits="3" branch="false" />
            <line number="51" hits="1" branch="false" />
            <line number="54" hits="1" branch="false" />
            <line number="55" hits="1" branch="false" />
            <line number="57" hits="1" branch="false" />
            <line number="59" hits="1" branch="false" />
            <line number="60" hits="1" branch="false" />
            <line number="61" hits="1" branch="false" />
            <line number="62" hits="1" branch="false" />
            <line number="68" hits="3" branch="false" />
            <line number="72" hits="3" branch="false" />
            <line number="74" hits="3" branch="false" />
            <line number="75" hits="3" branch="false" />
            <line number="76" hits="1" branch="false" />
            <line number="79" hits="1" branch="false" />
            <line number="80" hits="1" branch="false" />
            <line number="81" hits="1" branch="false" />
            <line number="83" hits="1" branch="false" />
            <line number="84" hits="1" branch="false" />
            <line number="85" hits="1" branch="false" />
            <line number="87" hits="3" branch="false" />
            <line number="91" hits="4" branch="false" />
            <line number="93" hits="4" branch="false" />
            <line number="94" hits="4" branch="true" condition-coverage="100% (2/2)" />
            <line number="95" hits="3" branch="false" />
            <line number="96" hits="3" branch="false" />
            <line number="97" hits="1" branch="false" />
            <line number="99" hits="1" branch="false" />
            <line number="102" hits="1" branch="false" />
            <line number="103" hits="1" branch="false" />
            <line number="104" hits="1" branch="false" />
            <line number="106" hits="1" branch="false" />
            <line number="107" hits="1" branch="false" />
            <line number="108" hits="1" branch="false" />
            <line number="110" hits="4" branch="false" />
            <line number="114" hits="3" branch="false" />
            <line number="116" hits="3" branch="false" />
            <line number="117" hits="3" branch="false" />
            <line number="118" hits="1" branch="false" />
            <line number="121" hits="1" branch="false" />
            <line number="122" hits="1" branch="false" />
            <line number="123" hits="1" branch="false" />
            <line number="125" hits="1" branch="false" />
            <line number="126" hits="1" branch="false" />
            <line number="127" hits="1" branch="false" />
            <line number="129" hits="3" branch="false" />
          </lines>
        </class>
        <class name="BankingApplication.Exceptions.CouldNotAddException" filename="C:\Users\om.singh\source\PulledFiles\Celsior-training\BankingApplicationSolution\BankingApplication\Exceptions\CouldNotAddException.cs" line-rate="1" branch-rate="1" complexity="2">
          <methods>
            <method name="get_Message" signature="()" line-rate="1" branch-rate="1" complexity="1">
              <lines>
                <line number="11" hits="3" branch="false" />
              </lines>
            </method>
            <method name=".ctor" signature="(...)" line-rate="1" branch-rate="1" complexity="1">
              <lines>
                <line number="6" hits="3" branch="false" />
                <line number="7" hits="3" branch="false" />
                <line number="8" hits="3" branch="false" />
                <line number="9" hits="3" branch="false" />
              </lines>
            </method>
          </methods>
          <lines>
            <line number="6" hits="3" branch="false" />
            <line number="7" hits="3" branch="false" />
            <line number="8" hits="3" branch="false" />
            <line number="9" hits="3" branch="false" />
            <line number="11" hits="3" branch="false" />
          </lines>
        </class>
        <class name="BankingApplication.Exceptions.EmptyCollectionException" filename="C:\Users\om.singh\source\PulledFiles\Celsior-training\BankingApplicationSolution\BankingApplication\Exceptions\EmptyCollectionException.cs" line-rate="1" branch-rate="1" complexity="2">
          <methods>
            <method name="get_Message" signature="()" line-rate="1" branch-rate="1" complexity="1">
              <lines>
                <line number="13" hits="2" branch="false" />
              </lines>
            </method>
            <method name=".ctor" signature="(...)" line-rate="1" branch-rate="1" complexity="1">
              <lines>
                <line number="7" hits="3" branch="false" />
                <line number="8" hits="3" branch="false" />
                <line number="9" hits="3" branch="false" />
                <line number="11" hits="3" branch="false" />
              </lines>
            </method>
          </methods>
          <lines>
            <line number="7" hits="3" branch="false" />
            <line number="8" hits="3" branch="false" />
            <line number="9" hits="3" branch="false" />
            <line number="11" hits="3" branch="false" />
            <line number="13" hits="2" branch="false" />
          </lines>
        </class>
        <class name="BankingApplication.Models.Customer" filename="C:\Users\om.singh\source\PulledFiles\Celsior-training\BankingApplicationSolution\BankingApplication\Models\Customer.cs" line-rate="1" branch-rate="1" complexity="9">
          <methods>
            <method name="get_CustomerID" signature="()" line-rate="1" branch-rate="1" complexity="1">
              <lines>
                <line number="7" hits="26" branch="false" />
              </lines>
            </method>
            <method name="get_FirstName" signature="()" line-rate="1" branch-rate="1" complexity="1">
              <lines>
                <line number="11" hits="65" branch="false" />
              </lines>
            </method>
            <method name="get_LastName" signature="()" line-rate="1" branch-rate="1" complexity="1">
              <lines>
                <line number="13" hits="68" branch="false" />
              </lines>
            </method>
            <method name="get_Address" signature="()" line-rate="1" branch-rate="1" complexity="1">
              <lines>
                <line number="15" hits="35" branch="false" />
              </lines>
            </method>
            <method name="get_City" signature="()" line-rate="1" branch-rate="1" complexity="1">
              <lines>
                <line number="17" hits="34" branch="false" />
              </lines>
            </method>
            <method name="get_DateOfBirth" signature="()" line-rate="1" branch-rate="1" complexity="1">
              <lines>
                <line number="20" hits="24" branch="false" />
              </lines>
            </method>
            <method name="get_Phone" signature="()" line-rate="1" branch-rate="1" complexity="1">
              <lines>
                <line number="23" hits="68" branch="false" />
              </lines>
            </method>
            <method name="get_Email" signature="()" line-rate="1" branch-rate="1" complexity="1">
              <lines>
                <line number="25" hits="68" branch="false" />
              </lines>
            </method>
            <method name="get_AccountNumber" signature="()" line-rate="1" branch-rate="1" complexity="1">
              <lines>
                <line number="28" hits="58" branch="false" />
              </lines>
            </method>
          </methods>
          <lines>
            <line number="7" hits="26" branch="false" />
            <line number="11" hits="65" branch="false" />
            <line number="13" hits="68" branch="false" />
            <line number="15" hits="35" branch="false" />
            <line number="17" hits="34" branch="false" />
            <line number="20" hits="24" branch="false" />
            <line number="23" hits="68" branch="false" />
            <line number="25" hits="68" branch="false" />
            <line number="28" hits="58" branch="false" />
          </lines>
        </class>
        <class name="BankingApplication.Models.DTOs.CreateCustomerDTO" filename="C:\Users\om.singh\source\PulledFiles\Celsior-training\BankingApplicationSolution\BankingApplication\Models\DTOs\CreateCustomerDTO.cs" line-rate="1" branch-rate="1" complexity="8">
          <methods>
            <method name="get_CustomerID" signature="()" line-rate="1" branch-rate="1" complexity="1">
              <lines>
                <line number="7" hits="1" branch="false" />
              </lines>
            </method>
            <method name="get_FirstName" signature="()" line-rate="1" branch-rate="1" complexity="1">
              <lines>
                <line number="8" hits="23" branch="false" />
              </lines>
            </method>
            <method name="get_LastName" signature="()" line-rate="1" branch-rate="1" complexity="1">
              <lines>
                <line number="9" hits="15" branch="false" />
              </lines>
            </method>
            <method name="get_Address" signature="()" line-rate="1" branch-rate="1" complexity="1">
              <lines>
                <line number="11" hits="9" branch="false" />
              </lines>
            </method>
            <method name="get_City" signature="()" line-rate="1" branch-rate="1" complexity="1">
              <lines>
                <line number="12" hits="5" branch="false" />
              </lines>
            </method>
            <method name="get_DateOfBirth" signature="()" line-rate="1" branch-rate="1" complexity="1">
              <lines>
                <line number="14" hits="4" branch="false" />
              </lines>
            </method>
            <method name="get_phone" signature="()" line-rate="1" branch-rate="1" complexity="1">
              <lines>
                <line number="16" hits="15" branch="false" />
              </lines>
            </method>
            <method name="get_Email" signature="()" line-rate="1" branch-rate="1" complexity="1">
              <lines>
                <line number="18" hits="15" branch="false" />
              </lines>
            </method>
          </methods>
          <lines>
            <line number="7" hits="1" branch="false" />
            <line number="8" hits="23" branch="false" />
            <line number="9" hits="15" branch="false" />
            <line number="11" hits="9" branch="false" />
            <line number="12" hits="5" branch="false" />
            <line number="14" hits="4" branch="false" />
            <line number="16" hits="15" branch="false" />
            <line number="18" hits="15" branch="false" />
          </lines>
        </class>
        <class name="BankingApplication.Models.Employee" filename="C:\Users\om.singh\source\PulledFiles\Celsior-training\BankingApplicationSolution\BankingApplication\Models\Employee.cs" line-rate="1" branch-rate="1" complexity="4">
          <methods>
            <method name="get_EmployeeId" signature="()" line-rate="1" branch-rate="1" complexity="1">
              <lines>
                <line number="13" hits="7" branch="false" />
              </lines>
            </method>
            <method name="get_EmployeeName" signature="()" line-rate="1" branch-rate="1" complexity="1">
              <lines>
                <line number="14" hits="13" branch="false" />
              </lines>
            </method>
            <method name="get_EmployeeEmail" signature="()" line-rate="1" branch-rate="1" complexity="1">
              <lines>
                <line number="16" hits="20" branch="false" />
              </lines>
            </method>
            <method name="get_Role" signature="()" line-rate="1" branch-rate="1" complexity="1">
              <lines>
                <line number="18" hits="13" branch="false" />
              </lines>
            </method>
          </methods>
          <lines>
            <line number="13" hits="7" branch="false" />
            <line number="14" hits="13" branch="false" />
            <line number="16" hits="20" branch="false" />
            <line number="18" hits="13" branch="false" />
          </lines>
        </class>
        <class name="BankingApplication.Program" filename="C:\Users\om.singh\source\PulledFiles\Celsior-training\BankingApplicationSolution\BankingApplication\Program.cs" line-rate="0" branch-rate="0" complexity="2">
          <methods>
            <method name="Main" signature="(...)" line-rate="0" branch-rate="0" complexity="2">
              <lines>
                <line number="14" hits="0" branch="false" />
                <line number="18" hits="0" branch="false" />
                <line number="22" hits="0" branch="false" />
                <line number="23" hits="0" branch="false" />
                <line number="24" hits="0" branch="false" />
                <line number="25" hits="0" branch="false" />
                <line number="35" hits="0" branch="false" />
                <line number="36" hits="0" branch="false" />
                <line number="39" hits="0" branch="false" />
                <line number="43" hits="0" branch="false" />
                <line number="44" hits="0" branch="false" />
                <line number="45" hits="0" branch="false" />
                <line number="46" hits="0" branch="false" />
                <line number="47" hits="0" branch="false" />
                <line number="48" hits="0" branch="false" />
                <line number="49" hits="0" branch="false" />
                <line number="50" hits="0" branch="false" />
                <line number="51" hits="0" branch="false" />
                <line number="55" hits="0" branch="false" />
                <line number="57" hits="0" branch="false" />
                <line number="58" hits="0" branch="false" />
                <line number="60" hits="0" branch="false" />
                <line number="63" hits="0" branch="true" condition-coverage="0% (0/2)" />
                <line number="64" hits="0" branch="false" />
                <line number="65" hits="0" branch="false" />
                <line number="66" hits="0" branch="false" />
                <line number="67" hits="0" branch="false" />
                <line number="69" hits="0" branch="false" />
                <line number="71" hits="0" branch="false" />
                <line number="73" hits="0" branch="false" />
                <line number="75" hits="0" branch="false" />
                <line number="77" hits="0" branch="false" />
              </lines>
            </method>
          </methods>
          <lines>
            <line number="14" hits="0" branch="false" />
            <line number="18" hits="0" branch="false" />
            <line number="22" hits="0" branch="false" />
            <line number="23" hits="0" branch="false" />
            <line number="24" hits="0" branch="false" />
            <line number="25" hits="0" branch="false" />
            <line number="35" hits="0" branch="false" />
            <line number="36" hits="0" branch="false" />
            <line number="39" hits="0" branch="false" />
            <line number="43" hits="0" branch="false" />
            <line number="44" hits="0" branch="false" />
            <line number="45" hits="0" branch="false" />
            <line number="46" hits="0" branch="false" />
            <line number="47" hits="0" branch="false" />
            <line number="48" hits="0" branch="false" />
            <line number="49" hits="0" branch="false" />
            <line number="50" hits="0" branch="false" />
            <line number="51" hits="0" branch="false" />
            <line number="55" hits="0" branch="false" />
            <line number="57" hits="0" branch="false" />
            <line number="58" hits="0" branch="false" />
            <line number="60" hits="0" branch="false" />
            <line number="63" hits="0" branch="true" condition-coverage="0% (0/2)" />
            <line number="64" hits="0" branch="false" />
            <line number="65" hits="0" branch="false" />
            <line number="66" hits="0" branch="false" />
            <line number="67" hits="0" branch="false" />
            <line number="69" hits="0" branch="false" />
            <line number="71" hits="0" branch="false" />
            <line number="73" hits="0" branch="false" />
            <line number="75" hits="0" branch="false" />
            <line number="77" hits="0" branch="false" />
          </lines>
        </class>
        <class name="BankingApplication.Repositories.CustomerRepository" filename="C:\Users\om.singh\source\PulledFiles\Celsior-training\BankingApplicationSolution\BankingApplication\Repositories\CustomerRepository.cs" line-rate="0.957142857142857" branch-rate="0.944444444444444" complexity="21">
          <methods>
            <method name=".ctor" signature="(...)" line-rate="1" branch-rate="1" complexity="1">
              <lines>
                <line number="13" hits="15" branch="false" />
                <line number="14" hits="15" branch="false" />
                <line number="15" hits="15" branch="false" />
                <line number="17" hits="15" branch="false" />
              </lines>
            </method>
            <method name="Create" signature="()" line-rate="1" branch-rate="1" complexity="1">
              <lines>
                <line number="19" hits="11" branch="false" />
                <line number="21" hits="11" branch="false" />
                <line number="22" hits="11" branch="false" />
                <line number="23" hits="11" branch="false" />
                <line number="24" hits="9" branch="false" />
                <line number="27" hits="2" branch="false" />
                <line number="28" hits="2" branch="false" />
                <line number="29" hits="2" branch="false" />
                <line number="33" hits="9" branch="false" />
              </lines>
            </method>
            <method name="Delete" signature="()" line-rate="1" branch-rate="1" complexity="2">
              <lines>
                <line number="36" hits="2" branch="false" />
                <line number="38" hits="2" branch="false" />
                <line number="39" hits="2" branch="true" condition-coverage="100% (2/2)" />
                <line number="40" hits="1" branch="false" />
                <line number="41" hits="1" branch="false" />
                <line number="43" hits="1" branch="false" />
                <line number="44" hits="1" branch="false" />
                <line number="46" hits="1" branch="false" />
                <line number="47" hits="1" branch="false" />
              </lines>
            </method>
            <method name="Get" signature="()" line-rate="1" branch-rate="1" complexity="1">
              <lines>
                <line number="50" hits="9" branch="false" />
                <line number="51" hits="9" branch="false" />
                <line number="52" hits="9" branch="false" />
                <line number="53" hits="9" branch="false" />
              </lines>
            </method>
            <method name="GetAll" signature="()" line-rate="1" branch-rate="1" complexity="2">
              <lines>
                <line number="56" hits="2" branch="false" />
                <line number="57" hits="2" branch="false" />
                <line number="58" hits="2" branch="true" condition-coverage="100% (2/2)" />
                <line number="59" hits="1" branch="false" />
                <line number="60" hits="1" branch="false" />
                <line number="62" hits="1" branch="false" />
                <line number="64" hits="1" branch="false" />
              </lines>
            </method>
            <method name="Update" signature="()" line-rate="0.918918918918919" branch-rate="0.928571428571429" complexity="14">
              <lines>
                <line number="67" hits="6" branch="false" />
                <line number="69" hits="6" branch="false" />
                <line number="70" hits="6" branch="false" />
                <line number="71" hits="6" branch="true" condition-coverage="100% (2/2)" />
                <line number="72" hits="5" branch="false" />
                <line number="73" hits="5" branch="true" condition-coverage="50% (1/2)" />
                <line number="74" hits="0" branch="false" />
                <line number="75" hits="0" branch="false" />
                <line number="76" hits="0" branch="false" />
                <line number="77" hits="5" branch="true" condition-coverage="100% (2/2)" />
                <line number="78" hits="1" branch="false" />
                <line number="79" hits="1" branch="false" />
                <line number="80" hits="1" branch="false" />
                <line number="82" hits="5" branch="true" condition-coverage="100% (2/2)" />
                <line number="83" hits="1" branch="false" />
                <line number="84" hits="1" branch="false" />
                <line number="85" hits="1" branch="false" />
                <line number="87" hits="5" branch="true" condition-coverage="100% (2/2)" />
                <line number="88" hits="1" branch="false" />
                <line number="89" hits="1" branch="false" />
                <line number="90" hits="1" branch="false" />
                <line number="92" hits="5" branch="true" condition-coverage="100% (2/2)" />
                <line number="93" hits="1" branch="false" />
                <line number="94" hits="1" branch="false" />
                <line number="95" hits="1" branch="false" />
                <line number="97" hits="5" branch="true" condition-coverage="100% (2/2)" />
                <line number="98" hits="1" branch="false" />
                <line number="99" hits="1" branch="false" />
                <line number="100" hits="1" branch="false" />
                <line number="102" hits="5" branch="false" />
                <line number="103" hits="5" branch="false" />
                <line number="106" hits="1" branch="false" />
                <line number="107" hits="1" branch="false" />
                <line number="110" hits="1" branch="false" />
                <line number="111" hits="1" branch="false" />
                <line number="112" hits="1" branch="false" />
                <line number="115" hits="5" branch="false" />
              </lines>
            </method>
          </methods>
          <lines>
            <line number="13" hits="15" branch="false" />
            <line number="14" hits="15" branch="false" />
            <line number="15" hits="15" branch="false" />
            <line number="17" hits="15" branch="false" />
            <line number="19" hits="11" branch="false" />
            <line number="21" hits="11" branch="false" />
            <line number="22" hits="11" branch="false" />
            <line number="23" hits="11" branch="false" />
            <line number="24" hits="9" branch="false" />
            <line number="27" hits="2" branch="false" />
            <line number="28" hits="2" branch="false" />
            <line number="29" hits="2" branch="false" />
            <line number="33" hits="9" branch="false" />
            <line number="36" hits="2" branch="false" />
            <line number="38" hits="2" branch="false" />
            <line number="39" hits="2" branch="true" condition-coverage="100% (2/2)" />
            <line number="40" hits="1" branch="false" />
            <line number="41" hits="1" branch="false" />
            <line number="43" hits="1" branch="false" />
            <line number="44" hits="1" branch="false" />
            <line number="46" hits="1" branch="false" />
            <line number="47" hits="1" branch="false" />
            <line number="50" hits="9" branch="false" />
            <line number="51" hits="9" branch="false" />
            <line number="52" hits="9" branch="false" />
            <line number="53" hits="9" branch="false" />
            <line number="56" hits="2" branch="false" />
            <line number="57" hits="2" branch="false" />
            <line number="58" hits="2" branch="true" condition-coverage="100% (2/2)" />
            <line number="59" hits="1" branch="false" />
            <line number="60" hits="1" branch="false" />
            <line number="62" hits="1" branch="false" />
            <line number="64" hits="1" branch="false" />
            <line number="67" hits="6" branch="false" />
            <line number="69" hits="6" branch="false" />
            <line number="70" hits="6" branch="false" />
            <line number="71" hits="6" branch="true" condition-coverage="100% (2/2)" />
            <line number="72" hits="5" branch="false" />
            <line number="73" hits="5" branch="true" condition-coverage="50% (1/2)" />
            <line number="74" hits="0" branch="false" />
            <line number="75" hits="0" branch="false" />
            <line number="76" hits="0" branch="false" />
            <line number="77" hits="5" branch="true" condition-coverage="100% (2/2)" />
            <line number="78" hits="1" branch="false" />
            <line number="79" hits="1" branch="false" />
            <line number="80" hits="1" branch="false" />
            <line number="82" hits="5" branch="true" condition-coverage="100% (2/2)" />
            <line number="83" hits="1" branch="false" />
            <line number="84" hits="1" branch="false" />
            <line number="85" hits="1" branch="false" />
            <line number="87" hits="5" branch="true" condition-coverage="100% (2/2)" />
            <line number="88" hits="1" branch="false" />
            <line number="89" hits="1" branch="false" />
            <line number="90" hits="1" branch="false" />
            <line number="92" hits="5" branch="true" condition-coverage="100% (2/2)" />
            <line number="93" hits="1" branch="false" />
            <line number="94" hits="1" branch="false" />
            <line number="95" hits="1" branch="false" />
            <line number="97" hits="5" branch="true" condition-coverage="100% (2/2)" />
            <line number="98" hits="1" branch="false" />
            <line number="99" hits="1" branch="false" />
            <line number="100" hits="1" branch="false" />
            <line number="102" hits="5" branch="false" />
            <line number="103" hits="5" branch="false" />
            <line number="106" hits="1" branch="false" />
            <line number="107" hits="1" branch="false" />
            <line number="110" hits="1" branch="false" />
            <line number="111" hits="1" branch="false" />
            <line number="112" hits="1" branch="false" />
            <line number="115" hits="5" branch="false" />
          </lines>
        </class>
        <class name="BankingApplication.Repositories.EmployeeRepository" filename="C:\Users\om.singh\source\PulledFiles\Celsior-training\BankingApplicationSolution\BankingApplication\Repositories\EmployeeRepository.cs" line-rate="0.9" branch-rate="0.833333333333333" complexity="9">
          <methods>
            <method name=".ctor" signature="(...)" line-rate="1" branch-rate="1" complexity="1">
              <lines>
                <line number="13" hits="7" branch="false" />
                <line number="14" hits="7" branch="false" />
                <line number="15" hits="7" branch="false" />
                <line number="17" hits="7" branch="false" />
              </lines>
            </method>
            <method name="Create" signature="()" line-rate="1" branch-rate="1" complexity="2">
              <lines>
                <line number="20" hits="5" branch="false" />
                <line number="22" hits="5" branch="false" />
                <line number="23" hits="5" branch="false" />
                <line number="24" hits="5" branch="true" condition-coverage="100% (2/2)" />
                <line number="25" hits="4" branch="false" />
                <line number="26" hits="4" branch="false" />
                <line number="27" hits="4" branch="false" />
                <line number="28" hits="4" branch="false" />
                <line number="32" hits="1" branch="false" />
                <line number="33" hits="1" branch="false" />
                <line number="39" hits="1" branch="false" />
                <line number="40" hits="1" branch="false" />
                <line number="41" hits="1" branch="false" />
                <line number="44" hits="4" branch="false" />
              </lines>
            </method>
            <method name="Delete" signature="()" line-rate="0.777777777777778" branch-rate="0.5" complexity="2">
              <lines>
                <line number="79" hits="1" branch="false" />
                <line number="80" hits="1" branch="false" />
                <line number="82" hits="1" branch="true" condition-coverage="50% (1/2)" />
                <line number="83" hits="0" branch="false" />
                <line number="84" hits="0" branch="false" />
                <line number="87" hits="1" branch="false" />
                <line number="89" hits="1" branch="false" />
                <line number="91" hits="1" branch="false" />
                <line number="92" hits="1" branch="false" />
              </lines>
            </method>
            <method name="Get" signature="()" line-rate="1" branch-rate="1" complexity="1">
              <lines>
                <line number="49" hits="2" branch="false" />
                <line number="50" hits="2" branch="false" />
                <line number="52" hits="2" branch="false" />
                <line number="56" hits="2" branch="false" />
              </lines>
            </method>
            <method name="GetAll" signature="()" line-rate="1" branch-rate="1" complexity="2">
              <lines>
                <line number="61" hits="2" branch="false" />
                <line number="62" hits="2" branch="false" />
                <line number="64" hits="2" branch="true" condition-coverage="100% (2/2)" />
                <line number="65" hits="1" branch="false" />
                <line number="66" hits="1" branch="false" />
                <line number="69" hits="1" branch="false" />
                <line number="70" hits="1" branch="false" />
              </lines>
            </method>
            <method name="Update" signature="()" line-rate="0" branch-rate="1" complexity="1">
              <lines>
                <line number="73" hits="0" branch="false" />
                <line number="74" hits="0" branch="false" />
              </lines>
            </method>
          </methods>
          <lines>
            <line number="13" hits="7" branch="false" />
            <line number="14" hits="7" branch="false" />
            <line number="15" hits="7" branch="false" />
            <line number="17" hits="7" branch="false" />
            <line number="20" hits="5" branch="false" />
            <line number="22" hits="5" branch="false" />
            <line number="23" hits="5" branch="false" />
            <line number="24" hits="5" branch="true" condition-coverage="100% (2/2)" />
            <line number="25" hits="4" branch="false" />
            <line number="26" hits="4" branch="false" />
            <line number="27" hits="4" branch="false" />
            <line number="28" hits="4" branch="false" />
            <line number="32" hits="1" branch="false" />
            <line number="33" hits="1" branch="false" />
            <line number="39" hits="1" branch="false" />
            <line number="40" hits="1" branch="false" />
            <line number="41" hits="1" branch="false" />
            <line number="44" hits="4" branch="false" />
            <line number="49" hits="2" branch="false" />
            <line number="50" hits="2" branch="false" />
            <line number="52" hits="2" branch="false" />
            <line number="56" hits="2" branch="false" />
            <line number="61" hits="2" branch="false" />
            <line number="62" hits="2" branch="false" />
            <line number="64" hits="2" branch="true" condition-coverage="100% (2/2)" />
            <line number="65" hits="1" branch="false" />
            <line number="66" hits="1" branch="false" />
            <line number="69" hits="1" branch="false" />
            <line number="70" hits="1" branch="false" />
            <line number="73" hits="0" branch="false" />
            <line number="74" hits="0" branch="false" />
            <line number="79" hits="1" branch="false" />
            <line number="80" hits="1" branch="false" />
            <line number="82" hits="1" branch="true" condition-coverage="50% (1/2)" />
            <line number="83" hits="0" branch="false" />
            <line number="84" hits="0" branch="false" />
            <line number="87" hits="1" branch="false" />
            <line number="89" hits="1" branch="false" />
            <line number="91" hits="1" branch="false" />
            <line number="92" hits="1" branch="false" />
          </lines>
        </class>
        <class name="BankingApplication.Services.CustomerService" filename="C:\Users\om.singh\source\PulledFiles\Celsior-training\BankingApplicationSolution\BankingApplication\Services\CustomerService.cs" line-rate="0.953846153846154" branch-rate="1" complexity="9">
          <methods>
            <method name="GenerateAccountNumber" signature="()" line-rate="1" branch-rate="1" complexity="2">
              <lines>
                <line number="21" hits="2" branch="false" />
                <line number="22" hits="2" branch="false" />
                <line number="23" hits="2" branch="false" />
                <line number="25" hits="60" branch="true" condition-coverage="100% (2/2)" />
                <line number="26" hits="28" branch="false" />
                <line number="27" hits="28" branch="false" />
                <line number="28" hits="28" branch="false" />
                <line number="30" hits="2" branch="false" />
                <line number="31" hits="2" branch="false" />
              </lines>
            </method>
            <method name=".ctor" signature="(...)" line-rate="1" branch-rate="1" complexity="1">
              <lines>
                <line number="12" hits="7" branch="false" />
                <line number="13" hits="7" branch="false" />
                <line number="14" hits="7" branch="false" />
                <line number="15" hits="7" branch="false" />
              </lines>
            </method>
            <method name="CreateCustomer" signature="()" line-rate="1" branch-rate="1" complexity="1">
              <lines>
                <line number="37" hits="2" branch="false" />
                <line number="39" hits="2" branch="false" />
                <line number="40" hits="2" branch="false" />
                <line number="41" hits="2" branch="false" />
                <line number="42" hits="2" branch="false" />
                <line number="43" hits="2" branch="false" />
                <line number="44" hits="2" branch="false" />
                <line number="45" hits="2" branch="false" />
                <line number="46" hits="2" branch="false" />
                <line number="47" hits="2" branch="false" />
                <line number="48" hits="2" branch="false" />
                <line number="49" hits="2" branch="false" />
                <line number="50" hits="2" branch="false" />
                <line number="51" hits="2" branch="false" />
                <line number="53" hits="2" branch="false" />
                <line number="54" hits="1" branch="false" />
                <line number="56" hits="1" branch="false" />
                <line number="57" hits="1" branch="false" />
                <line number="58" hits="1" branch="false" />
                <line number="62" hits="1" branch="false" />
              </lines>
            </method>
            <method name="DeleteCustomer" signature="()" line-rate="1" branch-rate="1" complexity="1">
              <lines>
                <line number="65" hits="1" branch="false" />
                <line number="66" hits="1" branch="false" />
                <line number="68" hits="1" branch="false" />
                <line number="70" hits="1" branch="false" />
              </lines>
            </method>
            <method name="GetAllCustomer" signature="()" line-rate="1" branch-rate="1" complexity="1">
              <lines>
                <line number="73" hits="1" branch="false" />
                <line number="74" hits="1" branch="false" />
                <line number="75" hits="1" branch="false" />
                <line number="76" hits="1" branch="false" />
              </lines>
            </method>
            <method name="GetCustomer" signature="()" line-rate="1" branch-rate="1" complexity="2">
              <lines>
                <line number="79" hits="2" branch="false" />
                <line number="80" hits="2" branch="false" />
                <line number="81" hits="2" branch="true" condition-coverage="100% (2/2)" />
                <line number="82" hits="1" branch="false" />
                <line number="83" hits="1" branch="false" />
                <line number="85" hits="1" branch="false" />
                <line number="86" hits="1" branch="false" />
              </lines>
            </method>
            <method name="UpdateCustomer" signature="()" line-rate="0.823529411764706" branch-rate="1" complexity="1">
              <lines>
                <line number="89" hits="1" branch="false" />
                <line number="91" hits="1" branch="false" />
                <line number="92" hits="1" branch="false" />
                <line number="93" hits="1" branch="false" />
                <line number="94" hits="1" branch="false" />
                <line number="95" hits="1" branch="false" />
                <line number="96" hits="1" branch="false" />
                <line number="97" hits="1" branch="false" />
                <line number="98" hits="1" branch="false" />
                <line number="99" hits="1" branch="false" />
                <line number="100" hits="1" branch="false" />
                <line number="101" hits="1" branch="false" />
                <line number="103" hits="1" branch="false" />
                <line number="105" hits="0" branch="false" />
                <line number="106" hits="0" branch="false" />
                <line number="107" hits="0" branch="false" />
                <line number="110" hits="1" branch="false" />
              </lines>
            </method>
          </methods>
          <lines>
            <line number="12" hits="7" branch="false" />
            <line number="13" hits="7" branch="false" />
            <line number="14" hits="7" branch="false" />
            <line number="15" hits="7" branch="false" />
            <line number="21" hits="2" branch="false" />
            <line number="22" hits="2" branch="false" />
            <line number="23" hits="2" branch="false" />
            <line number="25" hits="60" branch="true" condition-coverage="100% (2/2)" />
            <line number="26" hits="28" branch="false" />
            <line number="27" hits="28" branch="false" />
            <line number="28" hits="28" branch="false" />
            <line number="30" hits="2" branch="false" />
            <line number="31" hits="2" branch="false" />
            <line number="37" hits="2" branch="false" />
            <line number="39" hits="2" branch="false" />
            <line number="40" hits="2" branch="false" />
            <line number="41" hits="2" branch="false" />
            <line number="42" hits="2" branch="false" />
            <line number="43" hits="2" branch="false" />
            <line number="44" hits="2" branch="false" />
            <line number="45" hits="2" branch="false" />
            <line number="46" hits="2" branch="false" />
            <line number="47" hits="2" branch="false" />
            <line number="48" hits="2" branch="false" />
            <line number="49" hits="2" branch="false" />
            <line number="50" hits="2" branch="false" />
            <line number="51" hits="2" branch="false" />
            <line number="53" hits="2" branch="false" />
            <line number="54" hits="1" branch="false" />
            <line number="56" hits="1" branch="false" />
            <line number="57" hits="1" branch="false" />
            <line number="58" hits="1" branch="false" />
            <line number="62" hits="1" branch="false" />
            <line number="65" hits="1" branch="false" />
            <line number="66" hits="1" branch="false" />
            <line number="68" hits="1" branch="false" />
            <line number="70" hits="1" branch="false" />
            <line number="73" hits="1" branch="false" />
            <line number="74" hits="1" branch="false" />
            <line number="75" hits="1" branch="false" />
            <line number="76" hits="1" branch="false" />
            <line number="79" hits="2" branch="false" />
            <line number="80" hits="2" branch="false" />
            <line number="81" hits="2" branch="true" condition-coverage="100% (2/2)" />
            <line number="82" hits="1" branch="false" />
            <line number="83" hits="1" branch="false" />
            <line number="85" hits="1" branch="false" />
            <line number="86" hits="1" branch="false" />
            <line number="89" hits="1" branch="false" />
            <line number="91" hits="1" branch="false" />
            <line number="92" hits="1" branch="false" />
            <line number="93" hits="1" branch="false" />
            <line number="94" hits="1" branch="false" />
            <line number="95" hits="1" branch="false" />
            <line number="96" hits="1" branch="false" />
            <line number="97" hits="1" branch="false" />
            <line number="98" hits="1" branch="false" />
            <line number="99" hits="1" branch="false" />
            <line number="100" hits="1" branch="false" />
            <line number="101" hits="1" branch="false" />
            <line number="103" hits="1" branch="false" />
            <line number="105" hits="0" branch="false" />
            <line number="106" hits="0" branch="false" />
            <line number="107" hits="0" branch="false" />
            <line number="110" hits="1" branch="false" />
          </lines>
        </class>
      </classes>
    </package>
    <package name="BankingApplicationUnitTesting" line-rate="0.991477272727273" branch-rate="1" complexity="54">
      <classes>
        <class name="AutoGeneratedProgram" filename="C:\Users\om.singh\.nuget\packages\microsoft.net.test.sdk\17.5.0\build\netcoreapp3.1\Microsoft.NET.Test.Sdk.Program.cs" line-rate="0" branch-rate="1" complexity="1">
          <methods>
            <method name="Main" signature="(...)" line-rate="0" branch-rate="1" complexity="1">
              <lines>
                <line number="4" hits="0" branch="false" />
              </lines>
            </method>
          </methods>
          <lines>
            <line number="4" hits="0" branch="false" />
          </lines>
        </class>
        <class name="BankingApplicationUnitTesting.CustomerControllerTest" filename="C:\Users\om.singh\source\PulledFiles\Celsior-training\BankingApplicationSolution\BankingApplicationUnitTesting\CustomerControllerTest.cs" line-rate="1" branch-rate="1" complexity="17">
          <methods>
            <method name="Setup" signature="()" line-rate="1" branch-rate="1" complexity="1">
              <lines>
                <line number="33" hits="16" branch="false" />
                <line number="34" hits="16" branch="false" />
                <line number="35" hits="16" branch="false" />
                <line number="36" hits="16" branch="false" />
              </lines>
            </method>
            <method name="CreateCustomer_BadRequest_400_Test" signature="()" line-rate="1" branch-rate="1" complexity="1">
              <lines>
                <line number="291" hits="1" branch="false" />
                <line number="292" hits="1" branch="false" />
                <line number="294" hits="1" branch="false" />
                <line number="295" hits="1" branch="false" />
                <line number="296" hits="1" branch="false" />
                <line number="297" hits="1" branch="false" />
                <line number="298" hits="1" branch="false" />
                <line number="299" hits="1" branch="false" />
              </lines>
            </method>
            <method name="CreateCustomer_BlankField_BadRequest_400_Test" signature="()" line-rate="1" branch-rate="1" complexity="1">
              <lines>
                <line number="315" hits="1" branch="false" />
                <line number="316" hits="1" branch="false" />
                <line number="318" hits="1" branch="false" />
                <line number="319" hits="1" branch="false" />
                <line number="320" hits="1" branch="false" />
                <line number="321" hits="1" branch="false" />
                <line number="322" hits="1" branch="false" />
                <line number="323" hits="1" branch="false" />
              </lines>
            </method>
            <method name="CreateCustomer_InternalServerError_500_Test" signature="()" line-rate="1" branch-rate="1" complexity="1">
              <lines>
                <line number="303" hits="1" branch="false" />
                <line number="304" hits="1" branch="false" />
                <line number="306" hits="1" branch="false" />
                <line number="307" hits="1" branch="false" />
                <line number="308" hits="1" branch="false" />
                <line number="309" hits="1" branch="false" />
                <line number="310" hits="1" branch="false" />
                <line number="311" hits="1" branch="false" />
              </lines>
            </method>
            <method name="CreateCustomer_Success_200_Test" signature="()" line-rate="1" branch-rate="1" complexity="1">
              <lines>
                <line number="278" hits="1" branch="false" />
                <line number="279" hits="1" branch="false" />
                <line number="280" hits="1" branch="false" />
                <line number="282" hits="1" branch="false" />
                <line number="283" hits="1" branch="false" />
                <line number="284" hits="1" branch="false" />
                <line number="285" hits="1" branch="false" />
                <line number="286" hits="1" branch="false" />
                <line number="287" hits="1" branch="false" />
              </lines>
            </method>
            <method name="Delete_BadRequest_400_Test" signature="()" line-rate="1" branch-rate="1" complexity="1">
              <lines>
                <line number="172" hits="1" branch="false" />
                <line number="173" hits="1" branch="false" />
                <line number="174" hits="1" branch="false" />
                <line number="175" hits="1" branch="false" />
                <line number="177" hits="1" branch="false" />
                <line number="179" hits="1" branch="false" />
                <line number="180" hits="1" branch="false" />
                <line number="181" hits="1" branch="false" />
                <line number="182" hits="1" branch="false" />
                <line number="183" hits="1" branch="false" />
              </lines>
            </method>
            <method name="Delete_InternalServerError_500_Test" signature="()" line-rate="1" branch-rate="1" complexity="1">
              <lines>
                <line number="187" hits="1" branch="false" />
                <line number="188" hits="1" branch="false" />
                <line number="189" hits="1" branch="false" />
                <line number="190" hits="1" branch="false" />
                <line number="192" hits="1" branch="false" />
                <line number="194" hits="1" branch="false" />
                <line number="195" hits="1" branch="false" />
                <line number="196" hits="1" branch="false" />
                <line number="197" hits="1" branch="false" />
                <line number="198" hits="1" branch="false" />
              </lines>
            </method>
            <method name="Delete_Success_200_Test" signature="()" line-rate="1" branch-rate="1" complexity="1">
              <lines>
                <line number="156" hits="1" branch="false" />
                <line number="157" hits="1" branch="false" />
                <line number="158" hits="1" branch="false" />
                <line number="159" hits="1" branch="false" />
                <line number="161" hits="1" branch="false" />
                <line number="163" hits="1" branch="false" />
                <line number="164" hits="1" branch="false" />
                <line number="165" hits="1" branch="false" />
                <line number="166" hits="1" branch="false" />
                <line number="168" hits="1" branch="false" />
              </lines>
            </method>
            <method name="GetAllCustomer_EmptyCollectionException_Test" signature="()" line-rate="1" branch-rate="1" complexity="1">
              <lines>
                <line number="124" hits="1" branch="false" />
                <line number="125" hits="1" branch="false" />
                <line number="126" hits="1" branch="false" />
                <line number="127" hits="1" branch="false" />
                <line number="129" hits="1" branch="false" />
                <line number="131" hits="1" branch="false" />
                <line number="132" hits="1" branch="false" />
                <line number="133" hits="1" branch="false" />
                <line number="134" hits="1" branch="false" />
                <line number="136" hits="1" branch="false" />
              </lines>
            </method>
            <method name="GetAllCustomer_InternalServerError_500_Test" signature="()" line-rate="1" branch-rate="1" complexity="1">
              <lines>
                <line number="140" hits="1" branch="false" />
                <line number="141" hits="1" branch="false" />
                <line number="142" hits="1" branch="false" />
                <line number="143" hits="1" branch="false" />
                <line number="145" hits="1" branch="false" />
                <line number="147" hits="1" branch="false" />
                <line number="148" hits="1" branch="false" />
                <line number="149" hits="1" branch="false" />
                <line number="150" hits="1" branch="false" />
                <line number="152" hits="1" branch="false" />
              </lines>
            </method>
            <method name="GetAllCustomer_Success_200_Test" signature="()" line-rate="1" branch-rate="1" complexity="1">
              <lines>
                <line number="95" hits="1" branch="false" />
                <line number="96" hits="1" branch="false" />
                <line number="97" hits="1" branch="false" />
                <line number="98" hits="1" branch="false" />
                <line number="99" hits="1" branch="false" />
                <line number="100" hits="1" branch="false" />
                <line number="101" hits="1" branch="false" />
                <line number="102" hits="1" branch="false" />
                <line number="103" hits="1" branch="false" />
                <line number="104" hits="1" branch="false" />
                <line number="105" hits="1" branch="false" />
                <line number="106" hits="1" branch="false" />
                <line number="107" hits="1" branch="false" />
                <line number="108" hits="1" branch="false" />
                <line number="109" hits="1" branch="false" />
                <line number="110" hits="1" branch="false" />
                <line number="111" hits="1" branch="false" />
                <line number="113" hits="1" branch="false" />
                <line number="115" hits="1" branch="false" />
                <line number="116" hits="1" branch="false" />
                <line number="117" hits="1" branch="false" />
                <line number="118" hits="1" branch="false" />
                <line number="120" hits="1" branch="false" />
              </lines>
            </method>
            <method name="GetCustomer_BadRequest_400_Test" signature="()" line-rate="1" branch-rate="1" complexity="1">
              <lines>
                <line number="66" hits="1" branch="false" />
                <line number="67" hits="1" branch="false" />
                <line number="68" hits="1" branch="false" />
                <line number="70" hits="1" branch="false" />
                <line number="72" hits="1" branch="false" />
                <line number="73" hits="1" branch="false" />
                <line number="74" hits="1" branch="false" />
                <line number="75" hits="1" branch="false" />
                <line number="77" hits="1" branch="false" />
              </lines>
            </method>
            <method name="GetCustomer_InternalServerError_500_Test" signature="()" line-rate="1" branch-rate="1" complexity="1">
              <lines>
                <line number="80" hits="1" branch="false" />
                <line number="81" hits="1" branch="false" />
                <line number="82" hits="1" branch="false" />
                <line number="84" hits="1" branch="false" />
                <line number="86" hits="1" branch="false" />
                <line number="87" hits="1" branch="false" />
                <line number="88" hits="1" branch="false" />
                <line number="89" hits="1" branch="false" />
                <line number="91" hits="1" branch="false" />
              </lines>
            </method>
            <method name="GetCustomer_Success_200_Test" signature="()" line-rate="1" branch-rate="1" complexity="1">
              <lines>
                <line number="40" hits="1" branch="false" />
                <line number="41" hits="1" branch="false" />
                <line number="42" hits="1" branch="false" />
                <line number="43" hits="1" branch="false" />
                <line number="44" hits="1" branch="false" />
                <line number="45" hits="1" branch="false" />
                <line number="46" hits="1" branch="false" />
                <line number="47" hits="1" branch="false" />
                <line number="48" hits="1" branch="false" />
                <line number="49" hits="1" branch="false" />
                <line number="50" hits="1" branch="false" />
                <line number="51" hits="1" branch="false" />
                <line number="52" hits="1" branch="false" />
                <line number="53" hits="1" branch="false" />
                <line number="54" hits="1" branch="false" />
                <line number="56" hits="1" branch="false" />
                <line number="58" hits="1" branch="false" />
                <line number="59" hits="1" branch="false" />
                <line number="60" hits="1" branch="false" />
                <line number="61" hits="1" branch="false" />
                <line number="62" hits="1" branch="false" />
              </lines>
            </method>
            <method name="Update_BadRequest_400_Test" signature="()" line-rate="1" branch-rate="1" complexity="1">
              <lines>
                <line number="236" hits="1" branch="false" />
                <line number="237" hits="1" branch="false" />
                <line number="238" hits="1" branch="false" />
                <line number="239" hits="1" branch="false" />
                <line number="240" hits="1" branch="false" />
                <line number="241" hits="1" branch="false" />
                <line number="243" hits="1" branch="false" />
                <line number="244" hits="1" branch="false" />
                <line number="246" hits="1" branch="false" />
                <line number="248" hits="1" branch="false" />
                <line number="249" hits="1" branch="false" />
                <line number="250" hits="1" branch="false" />
                <line number="251" hits="1" branch="false" />
                <line number="253" hits="1" branch="false" />
              </lines>
            </method>
            <method name="Update_InternalServerError_500_Test" signature="()" line-rate="1" branch-rate="1" complexity="1">
              <lines>
                <line number="257" hits="1" branch="false" />
                <line number="258" hits="1" branch="false" />
                <line number="259" hits="1" branch="false" />
                <line number="260" hits="1" branch="false" />
                <line number="261" hits="1" branch="false" />
                <line number="262" hits="1" branch="false" />
                <line number="264" hits="1" branch="false" />
                <line number="265" hits="1" branch="false" />
                <line number="267" hits="1" branch="false" />
                <line number="269" hits="1" branch="false" />
                <line number="270" hits="1" branch="false" />
                <line number="271" hits="1" branch="false" />
                <line number="272" hits="1" branch="false" />
                <line number="274" hits="1" branch="false" />
              </lines>
            </method>
            <method name="Update_Success_200_Test" signature="()" line-rate="1" branch-rate="1" complexity="1">
              <lines>
                <line number="202" hits="1" branch="false" />
                <line number="203" hits="1" branch="false" />
                <line number="204" hits="1" branch="false" />
                <line number="205" hits="1" branch="false" />
                <line number="206" hits="1" branch="false" />
                <line number="207" hits="1" branch="false" />
                <line number="208" hits="1" branch="false" />
                <line number="209" hits="1" branch="false" />
                <line number="210" hits="1" branch="false" />
                <line number="211" hits="1" branch="false" />
                <line number="212" hits="1" branch="false" />
                <line number="213" hits="1" branch="false" />
                <line number="214" hits="1" branch="false" />
                <line number="216" hits="1" branch="false" />
                <line number="217" hits="1" branch="false" />
                <line number="218" hits="1" branch="false" />
                <line number="219" hits="1" branch="false" />
                <line number="220" hits="1" branch="false" />
                <line number="222" hits="1" branch="false" />
                <line number="223" hits="1" branch="false" />
                <line number="225" hits="1" branch="false" />
                <line number="227" hits="1" branch="false" />
                <line number="228" hits="1" branch="false" />
                <line number="229" hits="1" branch="false" />
                <line number="230" hits="1" branch="false" />
                <line number="232" hits="1" branch="false" />
              </lines>
            </method>
          </methods>
          <lines>
            <line number="33" hits="16" branch="false" />
            <line number="34" hits="16" branch="false" />
            <line number="35" hits="16" branch="false" />
            <line number="36" hits="16" branch="false" />
            <line number="40" hits="1" branch="false" />
            <line number="41" hits="1" branch="false" />
            <line number="42" hits="1" branch="false" />
            <line number="43" hits="1" branch="false" />
            <line number="44" hits="1" branch="false" />
            <line number="45" hits="1" branch="false" />
            <line number="46" hits="1" branch="false" />
            <line number="47" hits="1" branch="false" />
            <line number="48" hits="1" branch="false" />
            <line number="49" hits="1" branch="false" />
            <line number="50" hits="1" branch="false" />
            <line number="51" hits="1" branch="false" />
            <line number="52" hits="1" branch="false" />
            <line number="53" hits="1" branch="false" />
            <line number="54" hits="1" branch="false" />
            <line number="56" hits="1" branch="false" />
            <line number="58" hits="1" branch="false" />
            <line number="59" hits="1" branch="false" />
            <line number="60" hits="1" branch="false" />
            <line number="61" hits="1" branch="false" />
            <line number="62" hits="1" branch="false" />
            <line number="66" hits="1" branch="false" />
            <line number="67" hits="1" branch="false" />
            <line number="68" hits="1" branch="false" />
            <line number="70" hits="1" branch="false" />
            <line number="72" hits="1" branch="false" />
            <line number="73" hits="1" branch="false" />
            <line number="74" hits="1" branch="false" />
            <line number="75" hits="1" branch="false" />
            <line number="77" hits="1" branch="false" />
            <line number="80" hits="1" branch="false" />
            <line number="81" hits="1" branch="false" />
            <line number="82" hits="1" branch="false" />
            <line number="84" hits="1" branch="false" />
            <line number="86" hits="1" branch="false" />
            <line number="87" hits="1" branch="false" />
            <line number="88" hits="1" branch="false" />
            <line number="89" hits="1" branch="false" />
            <line number="91" hits="1" branch="false" />
            <line number="95" hits="1" branch="false" />
            <line number="96" hits="1" branch="false" />
            <line number="97" hits="1" branch="false" />
            <line number="98" hits="1" branch="false" />
            <line number="99" hits="1" branch="false" />
            <line number="100" hits="1" branch="false" />
            <line number="101" hits="1" branch="false" />
            <line number="102" hits="1" branch="false" />
            <line number="103" hits="1" branch="false" />
            <line number="104" hits="1" branch="false" />
            <line number="105" hits="1" branch="false" />
            <line number="106" hits="1" branch="false" />
            <line number="107" hits="1" branch="false" />
            <line number="108" hits="1" branch="false" />
            <line number="109" hits="1" branch="false" />
            <line number="110" hits="1" branch="false" />
            <line number="111" hits="1" branch="false" />
            <line number="113" hits="1" branch="false" />
            <line number="115" hits="1" branch="false" />
            <line number="116" hits="1" branch="false" />
            <line number="117" hits="1" branch="false" />
            <line number="118" hits="1" branch="false" />
            <line number="120" hits="1" branch="false" />
            <line number="124" hits="1" branch="false" />
            <line number="125" hits="1" branch="false" />
            <line number="126" hits="1" branch="false" />
            <line number="127" hits="1" branch="false" />
            <line number="129" hits="1" branch="false" />
            <line number="131" hits="1" branch="false" />
            <line number="132" hits="1" branch="false" />
            <line number="133" hits="1" branch="false" />
            <line number="134" hits="1" branch="false" />
            <line number="136" hits="1" branch="false" />
            <line number="140" hits="1" branch="false" />
            <line number="141" hits="1" branch="false" />
            <line number="142" hits="1" branch="false" />
            <line number="143" hits="1" branch="false" />
            <line number="145" hits="1" branch="false" />
            <line number="147" hits="1" branch="false" />
            <line number="148" hits="1" branch="false" />
            <line number="149" hits="1" branch="false" />
            <line number="150" hits="1" branch="false" />
            <line number="152" hits="1" branch="false" />
            <line number="156" hits="1" branch="false" />
            <line number="157" hits="1" branch="false" />
            <line number="158" hits="1" branch="false" />
            <line number="159" hits="1" branch="false" />
            <line number="161" hits="1" branch="false" />
            <line number="163" hits="1" branch="false" />
            <line number="164" hits="1" branch="false" />
            <line number="165" hits="1" branch="false" />
            <line number="166" hits="1" branch="false" />
            <line number="168" hits="1" branch="false" />
            <line number="172" hits="1" branch="false" />
            <line number="173" hits="1" branch="false" />
            <line number="174" hits="1" branch="false" />
            <line number="175" hits="1" branch="false" />
            <line number="177" hits="1" branch="false" />
            <line number="179" hits="1" branch="false" />
            <line number="180" hits="1" branch="false" />
            <line number="181" hits="1" branch="false" />
            <line number="182" hits="1" branch="false" />
            <line number="183" hits="1" branch="false" />
            <line number="187" hits="1" branch="false" />
            <line number="188" hits="1" branch="false" />
            <line number="189" hits="1" branch="false" />
            <line number="190" hits="1" branch="false" />
            <line number="192" hits="1" branch="false" />
            <line number="194" hits="1" branch="false" />
            <line number="195" hits="1" branch="false" />
            <line number="196" hits="1" branch="false" />
            <line number="197" hits="1" branch="false" />
            <line number="198" hits="1" branch="false" />
            <line number="202" hits="1" branch="false" />
            <line number="203" hits="1" branch="false" />
            <line number="204" hits="1" branch="false" />
            <line number="205" hits="1" branch="false" />
            <line number="206" hits="1" branch="false" />
            <line number="207" hits="1" branch="false" />
            <line number="208" hits="1" branch="false" />
            <line number="209" hits="1" branch="false" />
            <line number="210" hits="1" branch="false" />
            <line number="211" hits="1" branch="false" />
            <line number="212" hits="1" branch="false" />
            <line number="213" hits="1" branch="false" />
            <line number="214" hits="1" branch="false" />
            <line number="216" hits="1" branch="false" />
            <line number="217" hits="1" branch="false" />
            <line number="218" hits="1" branch="false" />
            <line number="219" hits="1" branch="false" />
            <line number="220" hits="1" branch="false" />
            <line number="222" hits="1" branch="false" />
            <line number="223" hits="1" branch="false" />
            <line number="225" hits="1" branch="false" />
            <line number="227" hits="1" branch="false" />
            <line number="228" hits="1" branch="false" />
            <line number="229" hits="1" branch="false" />
            <line number="230" hits="1" branch="false" />
            <line number="232" hits="1" branch="false" />
            <line number="236" hits="1" branch="false" />
            <line number="237" hits="1" branch="false" />
            <line number="238" hits="1" branch="false" />
            <line number="239" hits="1" branch="false" />
            <line number="240" hits="1" branch="false" />
            <line number="241" hits="1" branch="false" />
            <line number="243" hits="1" branch="false" />
            <line number="244" hits="1" branch="false" />
            <line number="246" hits="1" branch="false" />
            <line number="248" hits="1" branch="false" />
            <line number="249" hits="1" branch="false" />
            <line number="250" hits="1" branch="false" />
            <line number="251" hits="1" branch="false" />
            <line number="253" hits="1" branch="false" />
            <line number="257" hits="1" branch="false" />
            <line number="258" hits="1" branch="false" />
            <line number="259" hits="1" branch="false" />
            <line number="260" hits="1" branch="false" />
            <line number="261" hits="1" branch="false" />
            <line number="262" hits="1" branch="false" />
            <line number="264" hits="1" branch="false" />
            <line number="265" hits="1" branch="false" />
            <line number="267" hits="1" branch="false" />
            <line number="269" hits="1" branch="false" />
            <line number="270" hits="1" branch="false" />
            <line number="271" hits="1" branch="false" />
            <line number="272" hits="1" branch="false" />
            <line number="274" hits="1" branch="false" />
            <line number="278" hits="1" branch="false" />
            <line number="279" hits="1" branch="false" />
            <line number="280" hits="1" branch="false" />
            <line number="282" hits="1" branch="false" />
            <line number="283" hits="1" branch="false" />
            <line number="284" hits="1" branch="false" />
            <line number="285" hits="1" branch="false" />
            <line number="286" hits="1" branch="false" />
            <line number="287" hits="1" branch="false" />
            <line number="291" hits="1" branch="false" />
            <line number="292" hits="1" branch="false" />
            <line number="294" hits="1" branch="false" />
            <line number="295" hits="1" branch="false" />
            <line number="296" hits="1" branch="false" />
            <line number="297" hits="1" branch="false" />
            <line number="298" hits="1" branch="false" />
            <line number="299" hits="1" branch="false" />
            <line number="303" hits="1" branch="false" />
            <line number="304" hits="1" branch="false" />
            <line number="306" hits="1" branch="false" />
            <line number="307" hits="1" branch="false" />
            <line number="308" hits="1" branch="false" />
            <line number="309" hits="1" branch="false" />
            <line number="310" hits="1" branch="false" />
            <line number="311" hits="1" branch="false" />
            <line number="315" hits="1" branch="false" />
            <line number="316" hits="1" branch="false" />
            <line number="318" hits="1" branch="false" />
            <line number="319" hits="1" branch="false" />
            <line number="320" hits="1" branch="false" />
            <line number="321" hits="1" branch="false" />
            <line number="322" hits="1" branch="false" />
            <line number="323" hits="1" branch="false" />
          </lines>
        </class>
        <class name="BankingApplicationUnitTesting.CustomerRepositoryTest" filename="C:\Users\om.singh\source\PulledFiles\Celsior-training\BankingApplicationSolution\BankingApplicationUnitTesting\CustomerRepositoryTest.cs" line-rate="0.98406374501992" branch-rate="1" complexity="19">
          <methods>
            <method name="SetUp" signature="()" line-rate="1" branch-rate="1" complexity="1">
              <lines>
                <line number="24" hits="14" branch="false" />
                <line number="25" hits="14" branch="false" />
                <line number="26" hits="14" branch="false" />
                <line number="27" hits="14" branch="false" />
                <line number="28" hits="14" branch="false" />
                <line number="29" hits="14" branch="false" />
                <line number="30" hits="14" branch="false" />
              </lines>
            </method>
[...]
            <line number="63" hits="1" branch="false" />
            <line number="64" hits="1" branch="false" />
            <line number="68" hits="1" branch="false" />
            <line number="69" hits="1" branch="false" />
            <line number="70" hits="1" branch="false" />
            <line number="71" hits="1" branch="false" />
            <line number="72" hits="1" branch="false" />
            <line number="73" hits="1" branch="false" />
            <line number="74" hits="1" branch="false" />
            <line number="75" hits="1" branch="false" />
            <line number="76" hits="1" branch="false" />
            <line number="77" hits="1" branch="false" />
            <line number="78" hits="1" branch="false" />
            <line number="80" hits="1" branch="false" />
            <line number="81" hits="1" branch="false" />
            <line number="82" hits="1" branch="false" />
            <line number="83" hits="1" branch="false" />
            <line number="84" hits="1" branch="false" />
            <line number="85" hits="1" branch="false" />
            <line number="86" hits="1" branch="false" />
            <line number="87" hits="1" branch="false" />
            <line number="88" hits="1" branch="false" />
            <line number="89" hits="1" branch="false" />
            <line number="90" hits="1" branch="false" />
            <line number="91" hits="1" branch="false" />
            <line number="93" hits="1" branch="false" />
            <line number="94" hits="2" branch="false" />
            <line number="96" hits="1" branch="false" />
            <line number="97" hits="1" branch="false" />
            <line number="98" hits="1" branch="false" />
            <line number="102" hits="1" branch="false" />
            <line number="103" hits="1" branch="false" />
            <line number="104" hits="1" branch="false" />
            <line number="105" hits="1" branch="false" />
            <line number="106" hits="1" branch="false" />
            <line number="107" hits="1" branch="false" />
            <line number="108" hits="1" branch="false" />
            <line number="109" hits="1" branch="false" />
            <line number="110" hits="1" branch="false" />
            <line number="111" hits="1" branch="false" />
            <line number="112" hits="1" branch="false" />
            <line number="113" hits="1" branch="false" />
            <line number="114" hits="1" branch="false" />
            <line number="116" hits="1" branch="false" />
            <line number="118" hits="1" branch="false" />
            <line number="120" hits="1" branch="false" />
            <line number="121" hits="1" branch="false" />
            <line number="122" hits="1" branch="false" />
            <line number="126" hits="1" branch="false" />
            <line number="127" hits="1" branch="false" />
            <line number="129" hits="2" branch="false" />
            <line number="131" hits="1" branch="false" />
            <line number="132" hits="1" branch="false" />
            <line number="133" hits="1" branch="false" />
            <line number="137" hits="1" branch="false" />
            <line number="138" hits="1" branch="false" />
            <line number="139" hits="1" branch="false" />
            <line number="140" hits="1" branch="false" />
            <line number="141" hits="1" branch="false" />
            <line number="142" hits="1" branch="false" />
            <line number="143" hits="1" branch="false" />
            <line number="144" hits="1" branch="false" />
            <line number="145" hits="1" branch="false" />
            <line number="146" hits="1" branch="false" />
            <line number="147" hits="1" branch="false" />
            <line number="148" hits="1" branch="false" />
            <line number="149" hits="1" branch="false" />
            <line number="150" hits="1" branch="false" />
            <line number="151" hits="1" branch="false" />
            <line number="152" hits="1" branch="false" />
            <line number="153" hits="1" branch="false" />
            <line number="154" hits="1" branch="false" />
            <line number="155" hits="1" branch="false" />
            <line number="156" hits="1" branch="false" />
            <line number="157" hits="1" branch="false" />
            <line number="158" hits="1" branch="false" />
            <line number="159" hits="1" branch="false" />
            <line number="160" hits="1" branch="false" />
            <line number="161" hits="1" branch="false" />
            <line number="162" hits="1" branch="false" />
            <line number="163" hits="1" branch="false" />
            <line number="164" hits="1" branch="false" />
            <line number="166" hits="1" branch="false" />
            <line number="168" hits="1" branch="false" />
            <line number="170" hits="1" branch="false" />
            <line number="171" hits="1" branch="false" />
            <line number="172" hits="1" branch="false" />
            <line number="177" hits="1" branch="false" />
            <line number="178" hits="1" branch="false" />
            <line number="179" hits="1" branch="false" />
            <line number="180" hits="1" branch="false" />
            <line number="181" hits="1" branch="false" />
            <line number="182" hits="1" branch="false" />
            <line number="183" hits="1" branch="false" />
            <line number="184" hits="1" branch="false" />
            <line number="185" hits="1" branch="false" />
            <line number="186" hits="1" branch="false" />
            <line number="187" hits="1" branch="false" />
            <line number="188" hits="1" branch="false" />
            <line number="189" hits="1" branch="false" />
            <line number="192" hits="1" branch="false" />
            <line number="193" hits="1" branch="false" />
            <line number="194" hits="1" branch="false" />
            <line number="198" hits="1" branch="false" />
            <line number="199" hits="1" branch="false" />
            <line number="200" hits="1" branch="false" />
            <line number="201" hits="1" branch="false" />
            <line number="202" hits="1" branch="false" />
            <line number="203" hits="1" branch="false" />
            <line number="204" hits="1" branch="false" />
            <line number="205" hits="1" branch="false" />
            <line number="206" hits="1" branch="false" />
            <line number="207" hits="1" branch="false" />
            <line number="208" hits="1" branch="false" />
            <line number="209" hits="1" branch="false" />
            <line number="210" hits="1" branch="false" />
            <line number="213" hits="1" branch="false" />
            <line number="214" hits="1" branch="false" />
            <line number="215" hits="1" branch="false" />
            <line number="216" hits="1" branch="false" />
            <line number="217" hits="1" branch="false" />
            <line number="218" hits="1" branch="false" />
            <line number="219" hits="1" branch="false" />
            <line number="220" hits="1" branch="false" />
            <line number="221" hits="1" branch="false" />
            <line number="222" hits="1" branch="false" />
            <line number="223" hits="1" branch="false" />
            <line number="224" hits="1" branch="false" />
            <line number="226" hits="1" branch="false" />
            <line number="227" hits="1" branch="false" />
            <line number="228" hits="1" branch="false" />
            <line number="229" hits="1" branch="false" />
            <line number="231" hits="1" branch="false" />
            <line number="232" hits="1" branch="false" />
            <line number="233" hits="1" branch="false" />
            <line number="234" hits="1" branch="false" />
          </lines>
        </class>
        <class name="BankingApplicationUnitTesting.EmployeeRepositoryTest" filename="C:\Users\om.singh\source\PulledFiles\Celsior-training\BankingApplicationSolution\BankingApplicationUnitTesting\EmployeeRepositoryTest.cs" line-rate="0.987951807228916" branch-rate="1" complexity="9">
          <methods>
            <method name="Setup" signature="()" line-rate="1" branch-rate="1" complexity="1">
              <lines>
                <line number="25" hits="6" branch="false" />
                <line number="26" hits="6" branch="false" />
                <line number="27" hits="6" branch="false" />
                <line number="28" hits="6" branch="false" />
                <line number="29" hits="6" branch="false" />
                <line number="30" hits="6" branch="false" />
                <line number="32" hits="6" branch="false" />
              </lines>
            </method>
            <method name="&lt;EmployeeAddFailed_CouldNotAddException_Test" signature="()" line-rate="1" branch-rate="1" complexity="1">
              <lines>
                <line number="66" hits="2" branch="false" />
              </lines>
            </method>
            <method name="&lt;GetAll_EmptyCollectionException" signature="()" line-rate="1" branch-rate="1" complexity="1">
              <lines>
                <line number="120" hits="2" branch="false" />
              </lines>
            </method>
            <method name="Delete_Succss_Test" signature="()" line-rate="1" branch-rate="1" complexity="1">
              <lines>
                <line number="129" hits="1" branch="false" />
                <line number="130" hits="1" branch="false" />
                <line number="131" hits="1" branch="false" />
                <line number="132" hits="1" branch="false" />
                <line number="133" hits="1" branch="false" />
                <line number="134" hits="1" branch="false" />
                <line number="135" hits="1" branch="false" />
                <line number="136" hits="1" branch="false" />
                <line number="138" hits="1" branch="false" />
                <line number="139" hits="1" branch="false" />
                <line number="140" hits="1" branch="false" />
                <line number="142" hits="1" branch="false" />
              </lines>
            </method>
            <method name="EmployeeAddFailed_CouldNotAddException_Test" signature="()" line-rate="1" branch-rate="1" complexity="1">
              <lines>
                <line number="56" hits="1" branch="false" />
                <line number="57" hits="1" branch="false" />
                <line number="58" hits="1" branch="false" />
                <line number="59" hits="1" branch="false" />
                <line number="60" hits="1" branch="false" />
                <line number="61" hits="1" branch="false" />
                <line number="62" hits="1" branch="false" />
                <line number="63" hits="1" branch="false" />
                <line number="65" hits="1" branch="false" />
                <line number="66" hits="2" branch="false" />
                <line number="67" hits="1" branch="false" />
                <line number="68" hits="1" branch="false" />
                <line number="70" hits="1" branch="false" />
              </lines>
            </method>
            <method name="EmployeeAdd_Succcss_Test" signature="()" line-rate="1" branch-rate="1" complexity="1">
              <lines>
                <line number="37" hits="1" branch="false" />
                <line number="38" hits="1" branch="false" />
                <line number="39" hits="1" branch="false" />
                <line number="40" hits="1" branch="false" />
                <line number="41" hits="1" branch="false" />
                <line number="42" hits="1" branch="false" />
                <line number="43" hits="1" branch="false" />
                <line number="44" hits="1" branch="false" />
                <line number="45" hits="1" branch="false" />
                <line number="46" hits="1" branch="false" />
                <line number="48" hits="1" branch="false" />
                <line number="49" hits="1" branch="false" />
                <line number="50" hits="1" branch="false" />
                <line number="51" hits="1" branch="false" />
              </lines>
            </method>
            <method name="GetAllEmployee_Success_test" signature="()" line-rate="1" branch-rate="1" complexity="1">
              <lines>
                <line number="93" hits="1" branch="false" />
                <line number="95" hits="1" branch="false" />
                <line number="96" hits="1" branch="false" />
                <line number="97" hits="1" branch="false" />
                <line number="98" hits="1" branch="false" />
                <line number="99" hits="1" branch="false" />
                <line number="100" hits="1" branch="false" />
                <line number="101" hits="1" branch="false" />
                <line number="103" hits="1" branch="false" />
                <line number="104" hits="1" branch="false" />
                <line number="105" hits="1" branch="false" />
                <line number="106" hits="1" branch="false" />
              </lines>
            </method>
            <method name="GetAll_EmptyCollectionException" signature="()" line-rate="0.916666666666667" branch-rate="1" complexity="1">
              <lines>
                <line number="111" hits="1" branch="false" />
                <line number="112" hits="1" branch="false" />
                <line number="113" hits="1" branch="false" />
                <line number="114" hits="1" branch="false" />
                <line number="115" hits="1" branch="false" />
                <line number="116" hits="1" branch="false" />
                <line number="117" hits="1" branch="false" />
                <line number="119" hits="1" branch="false" />
                <line number="120" hits="2" branch="false" />
                <line number="121" hits="1" branch="false" />
                <line number="122" hits="1" branch="false" />
                <line number="123" hits="0" branch="false" />
              </lines>
            </method>
            <method name="Get_Succss_test" signature="()" line-rate="1" branch-rate="1" complexity="1">
              <lines>
                <line number="75" hits="1" branch="false" />
                <line number="76" hits="1" branch="false" />
                <line number="77" hits="1" branch="false" />
                <line number="78" hits="1" branch="false" />
                <line number="79" hits="1" branch="false" />
                <line number="80" hits="1" branch="false" />
                <line number="81" hits="1" branch="false" />
                <line number="82" hits="1" branch="false" />
                <line number="84" hits="1" branch="false" />
                <line number="85" hits="1" branch="false" />
                <line number="86" hits="1" branch="false" />
                <line number="87" hits="1" branch="false" />
                <line number="88" hits="1" branch="false" />
              </lines>
            </method>
          </methods>
          <lines>
            <line number="25" hits="6" branch="false" />
            <line number="26" hits="6" branch="false" />
            <line number="27" hits="6" branch="false" />
            <line number="28" hits="6" branch="false" />
            <line number="29" hits="6" branch="false" />
            <line number="30" hits="6" branch="false" />
            <line number="32" hits="6" branch="false" />
            <line number="37" hits="1" branch="false" />
            <line number="38" hits="1" branch="false" />
            <line number="39" hits="1" branch="false" />
            <line number="40" hits="1" branch="false" />
            <line number="41" hits="1" branch="false" />
            <line number="42" hits="1" branch="false" />
            <line number="43" hits="1" branch="false" />
            <line number="44" hits="1" branch="false" />
            <line number="45" hits="1" branch="false" />
            <line number="46" hits="1" branch="false" />
            <line number="48" hits="1" branch="false" />
            <line number="49" hits="1" branch="false" />
            <line number="50" hits="1" branch="false" />
            <line number="51" hits="1" branch="false" />
            <line number="56" hits="1" branch="false" />
            <line number="57" hits="1" branch="false" />
            <line number="58" hits="1" branch="false" />
            <line number="59" hits="1" branch="false" />
            <line number="60" hits="1" branch="false" />
            <line number="61" hits="1" branch="false" />
            <line number="62" hits="1" branch="false" />
            <line number="63" hits="1" branch="false" />
            <line number="65" hits="1" branch="false" />
            <line number="66" hits="2" branch="false" />
            <line number="67" hits="1" branch="false" />
            <line number="68" hits="1" branch="false" />
            <line number="70" hits="1" branch="false" />
            <line number="75" hits="1" branch="false" />
            <line number="76" hits="1" branch="false" />
            <line number="77" hits="1" branch="false" />
            <line number="78" hits="1" branch="false" />
            <line number="79" hits="1" branch="false" />
            <line number="80" hits="1" branch="false" />
            <line number="81" hits="1" branch="false" />
            <line number="82" hits="1" branch="false" />
            <line number="84" hits="1" branch="false" />
            <line number="85" hits="1" branch="false" />
            <line number="86" hits="1" branch="false" />
            <line number="87" hits="1" branch="false" />
            <line number="88" hits="1" branch="false" />
            <line number="93" hits="1" branch="false" />
            <line number="95" hits="1" branch="false" />
            <line number="96" hits="1" branch="false" />
            <line number="97" hits="1" branch="false" />
            <line number="98" hits="1" branch="false" />
            <line number="99" hits="1" branch="false" />
            <line number="100" hits="1" branch="false" />
            <line number="101" hits="1" branch="false" />
            <line number="103" hits="1" branch="false" />
            <line number="104" hits="1" branch="false" />
            <line number="105" hits="1" branch="false" />
            <line number="106" hits="1" branch="false" />
            <line number="111" hits="1" branch="false" />
            <line number="112" hits="1" branch="false" />
            <line number="113" hits="1" branch="false" />
            <line number="114" hits="1" branch="false" />
            <line number="115" hits="1" branch="false" />
            <line number="116" hits="1" branch="false" />
            <line number="117" hits="1" branch="false" />
            <line number="119" hits="1" branch="false" />
            <line number="120" hits="2" branch="false" />
            <line number="121" hits="1" branch="false" />
            <line number="122" hits="1" branch="false" />
            <line number="123" hits="0" branch="false" />
            <line number="129" hits="1" branch="false" />
            <line number="130" hits="1" branch="false" />
            <line number="131" hits="1" branch="false" />
            <line number="132" hits="1" branch="false" />
            <line number="133" hits="1" branch="false" />
            <line number="134" hits="1" branch="false" />
            <line number="135" hits="1" branch="false" />
            <line number="136" hits="1" branch="false" />
            <line number="138" hits="1" branch="false" />
            <line number="139" hits="1" branch="false" />
            <line number="140" hits="1" branch="false" />
            <line number="142" hits="1" branch="false" />
          </lines>
        </class>
      </classes>
    </package>
  </packages>
</coverage>